Using pre-set license
Built from 'HEAD' branch; Version is '2021.3.12f1c2 (ffeb050254a0) revision 16771845'; Using compiler version '192829333'; Build Type 'Release'
OS: 'Windows 11  (10.0.22000) 64bit Professional' Language: 'zh' Physical Memory: 16145 MB
BatchMode: 1, IsHumanControllingUs: 0, StartBugReporterOnCrash: 0, Is64bit: 1, IsPro: 1

COMMAND LINE ARGUMENTS:
C:\Program Files\Unity\Hub\Editor\2021.3.12f1c2\Editor\Unity.exe
-adb2
-batchMode
-noUpm
-name
AssetImportWorker0
-projectPath
D:/游戏设计/大作业/Final-Boss
-logFile
Logs/AssetImportWorker0.log
-srvPort
54322
Successfully changed project path to: D:/游戏设计/大作业/Final-Boss
D:/游戏设计/大作业/Final-Boss
[UnityMemory] Configuration Parameters - Can be set up in boot.config
    "memorysetup-bucket-allocator-granularity=16"
    "memorysetup-bucket-allocator-bucket-count=8"
    "memorysetup-bucket-allocator-block-size=33554432"
    "memorysetup-bucket-allocator-block-count=8"
    "memorysetup-main-allocator-block-size=16777216"
    "memorysetup-thread-allocator-block-size=16777216"
    "memorysetup-gfx-main-allocator-block-size=16777216"
    "memorysetup-gfx-thread-allocator-block-size=16777216"
    "memorysetup-cache-allocator-block-size=4194304"
    "memorysetup-typetree-allocator-block-size=2097152"
    "memorysetup-profiler-bucket-allocator-granularity=16"
    "memorysetup-profiler-bucket-allocator-bucket-count=8"
    "memorysetup-profiler-bucket-allocator-block-size=33554432"
    "memorysetup-profiler-bucket-allocator-block-count=8"
    "memorysetup-profiler-allocator-block-size=16777216"
    "memorysetup-profiler-editor-allocator-block-size=1048576"
    "memorysetup-temp-allocator-size-main=16777216"
    "memorysetup-job-temp-allocator-block-size=2097152"
    "memorysetup-job-temp-allocator-block-size-background=1048576"
    "memorysetup-job-temp-allocator-reduction-small-platforms=262144"
    "memorysetup-temp-allocator-size-background-worker=32768"
    "memorysetup-temp-allocator-size-job-worker=262144"
    "memorysetup-temp-allocator-size-preload-manager=33554432"
    "memorysetup-temp-allocator-size-nav-mesh-worker=65536"
    "memorysetup-temp-allocator-size-audio-worker=65536"
    "memorysetup-temp-allocator-size-cloud-worker=32768"
    "memorysetup-temp-allocator-size-gi-baking-worker=262144"
    "memorysetup-temp-allocator-size-gfx=262144"
AS: AutoStreaming module initializing.
Refreshing native plugins compatible for Editor in 104.87 ms, found 3 plugins.
Preloading 0 native plugins for Editor in 0.00 ms.
Initialize engine version: 2021.3.12f1c2 (ffeb050254a0)
[Subsystems] Discovering subsystems at path C:/Program Files/Unity/Hub/Editor/2021.3.12f1c2/Editor/Data/Resources/UnitySubsystems
[Subsystems] Discovering subsystems at path D:/游戏设计/大作业/Final-Boss/Assets
GfxDevice: creating device client; threaded=0; jobified=0
Direct3D:
    Version:  Direct3D 11.0 [level 11.1]
    Renderer: NVIDIA GeForce GTX 1650 (ID=0x1f99)
    Vendor:   NVIDIA
    VRAM:     3962 MB
    Driver:   30.0.15.1272
Initialize mono
Mono path[0] = 'C:/Program Files/Unity/Hub/Editor/2021.3.12f1c2/Editor/Data/Managed'
Mono path[1] = 'C:/Program Files/Unity/Hub/Editor/2021.3.12f1c2/Editor/Data/MonoBleedingEdge/lib/mono/unityjit-win32'
Mono config path = 'C:/Program Files/Unity/Hub/Editor/2021.3.12f1c2/Editor/Data/MonoBleedingEdge/etc'
Using monoOptions --debugger-agent=transport=dt_socket,embedding=1,server=y,suspend=n,address=127.0.0.1:56448
Begin MonoManager ReloadAssembly
Registering precompiled unity dll's ...
Register platform support module: C:/Program Files/Unity/Hub/Editor/2021.3.12f1c2/Editor/Data/PlaybackEngines/WindowsStandaloneSupport/UnityEditor.WindowsStandalone.Extensions.dll
Registered in 0.007580 seconds.
Native extension for WindowsStandalone target not found
Refreshing native plugins compatible for Editor in 99.93 ms, found 3 plugins.
Preloading 0 native plugins for Editor in 0.00 ms.
Mono: successfully reloaded assembly
- Completed reload, in  0.807 seconds
Domain Reload Profiling:
	ReloadAssembly (808ms)
		BeginReloadAssembly (99ms)
			ExecutionOrderSort (0ms)
			DisableScriptedObjects (0ms)
			BackupInstance (0ms)
			ReleaseScriptingObjects (0ms)
			CreateAndSetChildDomain (1ms)
		EndReloadAssembly (561ms)
			LoadAssemblies (92ms)
			RebuildTransferFunctionScriptingTraits (0ms)
			SetupTypeCache (137ms)
			ReleaseScriptCaches (0ms)
			RebuildScriptCaches (34ms)
			SetupLoadedEditorAssemblies (321ms)
				LogAssemblyErrors (0ms)
				InitializePlatformSupportModulesInManaged (9ms)
				SetLoadedEditorAssemblies (0ms)
				RefreshPlugins (100ms)
				BeforeProcessingInitializeOnLoad (1ms)
				ProcessInitializeOnLoadAttributes (148ms)
				ProcessInitializeOnLoadMethodAttributes (62ms)
				AfterProcessingInitializeOnLoad (0ms)
				EditorAssembliesLoaded (0ms)
			ExecutionOrderSort2 (0ms)
			AwakeInstancesAfterBackupRestoration (0ms)
Platform modules already initialized, skipping
Registering precompiled user dll's ...
Registered in 0.011095 seconds.
Begin MonoManager ReloadAssembly
Symbol file LoadedFromMemory doesn't match image D:\游戏设计\大作业\Final-Boss\Library\PackageCache\com.unity.visualscripting@1.7.8\Editor\VisualScripting.Core\Dependencies\YamlDotNet\Unity.VisualScripting.YamlDotNet.dll
Symbol file LoadedFromMemory doesn't match image D:\游戏设计\大作业\Final-Boss\Library\PackageCache\com.unity.visualscripting@1.7.8\Editor\VisualScripting.Core\Dependencies\DotNetZip\Unity.VisualScripting.IonicZip.dll
Native extension for WindowsStandalone target not found
Refreshing native plugins compatible for Editor in 0.96 ms, found 3 plugins.
Preloading 0 native plugins for Editor in 0.00 ms.
Mono: successfully reloaded assembly
- Completed reload, in  1.438 seconds
Domain Reload Profiling:
	ReloadAssembly (1439ms)
		BeginReloadAssembly (136ms)
			ExecutionOrderSort (0ms)
			DisableScriptedObjects (7ms)
			BackupInstance (0ms)
			ReleaseScriptingObjects (0ms)
			CreateAndSetChildDomain (23ms)
		EndReloadAssembly (1146ms)
			LoadAssemblies (106ms)
			RebuildTransferFunctionScriptingTraits (0ms)
			SetupTypeCache (355ms)
			ReleaseScriptCaches (1ms)
			RebuildScriptCaches (94ms)
			SetupLoadedEditorAssemblies (479ms)
				LogAssemblyErrors (0ms)
				InitializePlatformSupportModulesInManaged (9ms)
				SetLoadedEditorAssemblies (1ms)
				RefreshPlugins (1ms)
				BeforeProcessingInitializeOnLoad (112ms)
				ProcessInitializeOnLoadAttributes (302ms)
				ProcessInitializeOnLoadMethodAttributes (36ms)
				AfterProcessingInitializeOnLoad (18ms)
				EditorAssembliesLoaded (0ms)
			ExecutionOrderSort2 (0ms)
			AwakeInstancesAfterBackupRestoration (11ms)
Platform modules already initialized, skipping
========================================================================
Worker process is ready to serve import requests
Shader 'SimpleURPToonLitExample(With Outline)': fallback shader 'Hidden/Universal Render Pipeline/FallbackError' not found
Shader 'SimpleURPToonLitExample(With Outline)': fallback shader 'Hidden/Universal Render Pipeline/FallbackError' not found
Launched and connected shader compiler UnityShaderCompiler.exe after 0.05 seconds
Refreshing native plugins compatible for Editor in 0.89 ms, found 3 plugins.
Preloading 0 native plugins for Editor in 0.00 ms.
Unloading 3459 Unused Serialized files (Serialized files now loaded: 0)
Unloading 27 unused Assets / (509.5 KB). Loaded Objects now: 3942.
Memory consumption went from 214.3 MB to 213.8 MB.
Total: 3.524800 ms (FindLiveObjects: 0.320400 ms CreateObjectMapping: 0.256700 ms MarkObjects: 2.573400 ms  DeleteObjects: 0.372800 ms)

AssetImportParameters requested are different than current active one (requested -> active):
  custom:video-decoder-ogg-theora: a1e56fd34408186e4bbccfd4996cb3dc -> 
  custom:container-muxer-webm: aa71ff27fc2769a1b78a27578f13a17b -> 
  custom:container-demuxer-webm: 4f35f7cbe854078d1ac9338744f61a02 -> 
  custom:video-encoder-webm-vp8: eb34c28f22e8b96e1ab97ce403110664 -> 
  custom:audio-encoder-webm-vorbis: bf7c407c2cedff20999df2af8eb42d56 -> 
  custom:framework-win-MediaFoundation: 216162199b28c13a410421893ffa2e32 -> 
  custom:container-demuxer-ogg: 62fdf1f143b41e24485cea50d1cbac27 -> 
  custom:video-decoder-webm-vp8: 9c59270c3fd7afecdb556c50c9e8de78 -> 
  custom:audio-decoder-ogg-vorbis: bf7c407c2cedff20999df2af8eb42d56 -> 
========================================================================
Received Import Request.
  Time since last request: 82566.383613 seconds.
  path: Assets/Scripts/Jia
  artifactKey: Guid(71fe10ffa8c44834c89805e09cccbdbd) Importer(815301076,1909f56bfc062723c751e8b465ee728b)
Start importing Assets/Scripts/Jia using Guid(71fe10ffa8c44834c89805e09cccbdbd) Importer(815301076,1909f56bfc062723c751e8b465ee728b)  -> (artifact id: '6eea3dcef3b750360bc3ebe3810b68a3') in 0.009082 seconds 
========================================================================
Received Import Request.
  Time since last request: 0.000028 seconds.
  path: Assets/UI
  artifactKey: Guid(c1ec933aeb227cd45a7a763ba9d85ff3) Importer(815301076,1909f56bfc062723c751e8b465ee728b)
Start importing Assets/UI using Guid(c1ec933aeb227cd45a7a763ba9d85ff3) Importer(815301076,1909f56bfc062723c751e8b465ee728b)  -> (artifact id: '7b7bd63469e16bfb369eea59106d4947') in 0.001885 seconds 
========================================================================
Received Import Request.
  Time since last request: 0.810911 seconds.
  path: Assets/Scripts/Jia/UI
  artifactKey: Guid(bb5f85a2ce495e847ad190760fe3b902) Importer(815301076,1909f56bfc062723c751e8b465ee728b)
Start importing Assets/Scripts/Jia/UI using Guid(bb5f85a2ce495e847ad190760fe3b902) Importer(815301076,1909f56bfc062723c751e8b465ee728b)  -> (artifact id: '6c49d65684fd4bb8b0ee0aab3f404dc9') in 0.001316 seconds 
========================================================================
Received Import Request.
  Time since last request: 3.765995 seconds.
  path: Assets/Scripts/Jia/UI/UIManager.cs
  artifactKey: Guid(de109fa4364c7e647bbf08ec27a4f511) Importer(815301076,1909f56bfc062723c751e8b465ee728b)
Start importing Assets/Scripts/Jia/UI/UIManager.cs using Guid(de109fa4364c7e647bbf08ec27a4f511) Importer(815301076,1909f56bfc062723c751e8b465ee728b)  -> (artifact id: 'ca74cbf4ece862b4ff61d3436a44f3df') in 0.035168 seconds 
========================================================================
Received Prepare
Registering precompiled user dll's ...
Registered in 0.008150 seconds.
Begin MonoManager ReloadAssembly
Symbol file LoadedFromMemory doesn't match image D:\游戏设计\大作业\Final-Boss\Library\PackageCache\com.unity.visualscripting@1.7.8\Editor\VisualScripting.Core\Dependencies\YamlDotNet\Unity.VisualScripting.YamlDotNet.dll
Symbol file LoadedFromMemory doesn't match image D:\游戏设计\大作业\Final-Boss\Library\PackageCache\com.unity.visualscripting@1.7.8\Editor\VisualScripting.Core\Dependencies\DotNetZip\Unity.VisualScripting.IonicZip.dll
Native extension for WindowsStandalone target not found
Refreshing native plugins compatible for Editor in 1.09 ms, found 3 plugins.
Preloading 0 native plugins for Editor in 0.00 ms.
Mono: successfully reloaded assembly
- Completed reload, in  1.119 seconds
Domain Reload Profiling:
	ReloadAssembly (1120ms)
		BeginReloadAssembly (148ms)
			ExecutionOrderSort (0ms)
			DisableScriptedObjects (6ms)
			BackupInstance (0ms)
			ReleaseScriptingObjects (0ms)
			CreateAndSetChildDomain (33ms)
		EndReloadAssembly (838ms)
			LoadAssemblies (98ms)
			RebuildTransferFunctionScriptingTraits (0ms)
			SetupTypeCache (298ms)
			ReleaseScriptCaches (1ms)
			RebuildScriptCaches (50ms)
			SetupLoadedEditorAssemblies (337ms)
				LogAssemblyErrors (0ms)
				InitializePlatformSupportModulesInManaged (15ms)
				SetLoadedEditorAssemblies (1ms)
				RefreshPlugins (1ms)
				BeforeProcessingInitializeOnLoad (71ms)
				ProcessInitializeOnLoadAttributes (210ms)
				ProcessInitializeOnLoadMethodAttributes (27ms)
				AfterProcessingInitializeOnLoad (13ms)
				EditorAssembliesLoaded (0ms)
			ExecutionOrderSort2 (0ms)
			AwakeInstancesAfterBackupRestoration (9ms)
Platform modules already initialized, skipping
Shader 'SimpleURPToonLitExample(With Outline)': fallback shader 'Hidden/Universal Render Pipeline/FallbackError' not found
Shader 'SimpleURPToonLitExample(With Outline)': fallback shader 'Hidden/Universal Render Pipeline/FallbackError' not found
Refreshing native plugins compatible for Editor in 1.98 ms, found 3 plugins.
Preloading 0 native plugins for Editor in 0.00 ms.
Unloading 3426 Unused Serialized files (Serialized files now loaded: 0)
Unloading 21 unused Assets / (503.3 KB). Loaded Objects now: 3945.
Memory consumption went from 211.4 MB to 210.9 MB.
Total: 3.344200 ms (FindLiveObjects: 0.238900 ms CreateObjectMapping: 0.140200 ms MarkObjects: 2.734500 ms  DeleteObjects: 0.229900 ms)

AssetImportParameters requested are different than current active one (requested -> active):
  custom:video-decoder-ogg-theora: a1e56fd34408186e4bbccfd4996cb3dc -> 
  custom:container-muxer-webm: aa71ff27fc2769a1b78a27578f13a17b -> 
  custom:container-demuxer-webm: 4f35f7cbe854078d1ac9338744f61a02 -> 
  custom:video-encoder-webm-vp8: eb34c28f22e8b96e1ab97ce403110664 -> 
  custom:audio-encoder-webm-vorbis: bf7c407c2cedff20999df2af8eb42d56 -> 
  custom:framework-win-MediaFoundation: 216162199b28c13a410421893ffa2e32 -> 
  custom:container-demuxer-ogg: 62fdf1f143b41e24485cea50d1cbac27 -> 
  custom:video-decoder-webm-vp8: 9c59270c3fd7afecdb556c50c9e8de78 -> 
  custom:audio-decoder-ogg-vorbis: bf7c407c2cedff20999df2af8eb42d56 -> 
========================================================================
Received Prepare
Registering precompiled user dll's ...
Registered in 0.008460 seconds.
Begin MonoManager ReloadAssembly
Symbol file LoadedFromMemory doesn't match image D:\游戏设计\大作业\Final-Boss\Library\PackageCache\com.unity.visualscripting@1.7.8\Editor\VisualScripting.Core\Dependencies\YamlDotNet\Unity.VisualScripting.YamlDotNet.dll
Symbol file LoadedFromMemory doesn't match image D:\游戏设计\大作业\Final-Boss\Library\PackageCache\com.unity.visualscripting@1.7.8\Editor\VisualScripting.Core\Dependencies\DotNetZip\Unity.VisualScripting.IonicZip.dll
Native extension for WindowsStandalone target not found
Refreshing native plugins compatible for Editor in 0.79 ms, found 3 plugins.
Preloading 0 native plugins for Editor in 0.00 ms.
Mono: successfully reloaded assembly
- Completed reload, in  1.133 seconds
Domain Reload Profiling:
	ReloadAssembly (1134ms)
		BeginReloadAssembly (143ms)
			ExecutionOrderSort (0ms)
			DisableScriptedObjects (5ms)
			BackupInstance (0ms)
			ReleaseScriptingObjects (0ms)
			CreateAndSetChildDomain (41ms)
		EndReloadAssembly (879ms)
			LoadAssemblies (87ms)
			RebuildTransferFunctionScriptingTraits (0ms)
			SetupTypeCache (276ms)
			ReleaseScriptCaches (1ms)
			RebuildScriptCaches (50ms)
			SetupLoadedEditorAssemblies (399ms)
				LogAssemblyErrors (0ms)
				InitializePlatformSupportModulesInManaged (15ms)
				SetLoadedEditorAssemblies (0ms)
				RefreshPlugins (1ms)
				BeforeProcessingInitializeOnLoad (87ms)
				ProcessInitializeOnLoadAttributes (246ms)
				ProcessInitializeOnLoadMethodAttributes (34ms)
				AfterProcessingInitializeOnLoad (15ms)
				EditorAssembliesLoaded (0ms)
			ExecutionOrderSort2 (0ms)
			AwakeInstancesAfterBackupRestoration (11ms)
Platform modules already initialized, skipping
Shader 'SimpleURPToonLitExample(With Outline)': fallback shader 'Hidden/Universal Render Pipeline/FallbackError' not found
Shader 'SimpleURPToonLitExample(With Outline)': fallback shader 'Hidden/Universal Render Pipeline/FallbackError' not found
Refreshing native plugins compatible for Editor in 2.83 ms, found 3 plugins.
Preloading 0 native plugins for Editor in 0.00 ms.
Unloading 3426 Unused Serialized files (Serialized files now loaded: 0)
Unloading 21 unused Assets / (488.0 KB). Loaded Objects now: 3948.
Memory consumption went from 211.4 MB to 210.9 MB.
Total: 3.559600 ms (FindLiveObjects: 0.369300 ms CreateObjectMapping: 0.247000 ms MarkObjects: 2.685800 ms  DeleteObjects: 0.255700 ms)

AssetImportParameters requested are different than current active one (requested -> active):
  custom:video-decoder-ogg-theora: a1e56fd34408186e4bbccfd4996cb3dc -> 
  custom:container-muxer-webm: aa71ff27fc2769a1b78a27578f13a17b -> 
  custom:container-demuxer-webm: 4f35f7cbe854078d1ac9338744f61a02 -> 
  custom:video-encoder-webm-vp8: eb34c28f22e8b96e1ab97ce403110664 -> 
  custom:audio-encoder-webm-vorbis: bf7c407c2cedff20999df2af8eb42d56 -> 
  custom:framework-win-MediaFoundation: 216162199b28c13a410421893ffa2e32 -> 
  custom:container-demuxer-ogg: 62fdf1f143b41e24485cea50d1cbac27 -> 
  custom:video-decoder-webm-vp8: 9c59270c3fd7afecdb556c50c9e8de78 -> 
  custom:audio-decoder-ogg-vorbis: bf7c407c2cedff20999df2af8eb42d56 -> 
========================================================================
Received Import Request.
  Time since last request: 445.469967 seconds.
  path: Assets/Scripts/Jia/Conf
  artifactKey: Guid(480ddbb5c41b0e84bbf9b36c8e0d275e) Importer(815301076,1909f56bfc062723c751e8b465ee728b)
Start importing Assets/Scripts/Jia/Conf using Guid(480ddbb5c41b0e84bbf9b36c8e0d275e) Importer(815301076,1909f56bfc062723c751e8b465ee728b)  -> (artifact id: '0a8a69beded275216fdf3fab08c0b944') in 0.006998 seconds 
========================================================================
Received Import Request.
  Time since last request: 85.097290 seconds.
  path: Assets/Scripts/Jia/Conf/CreateConf.cs
  artifactKey: Guid(76854f4349feac94eb1ea3c5799e7993) Importer(815301076,1909f56bfc062723c751e8b465ee728b)
Start importing Assets/Scripts/Jia/Conf/CreateConf.cs using Guid(76854f4349feac94eb1ea3c5799e7993) Importer(815301076,1909f56bfc062723c751e8b465ee728b)  -> (artifact id: 'aaaa375320132e74b5c27df54a28282b') in 0.002079 seconds 
========================================================================
Received Prepare
Registering precompiled user dll's ...
Registered in 0.007915 seconds.
Begin MonoManager ReloadAssembly
Symbol file LoadedFromMemory doesn't match image D:\游戏设计\大作业\Final-Boss\Library\PackageCache\com.unity.visualscripting@1.7.8\Editor\VisualScripting.Core\Dependencies\YamlDotNet\Unity.VisualScripting.YamlDotNet.dll
Symbol file LoadedFromMemory doesn't match image D:\游戏设计\大作业\Final-Boss\Library\PackageCache\com.unity.visualscripting@1.7.8\Editor\VisualScripting.Core\Dependencies\DotNetZip\Unity.VisualScripting.IonicZip.dll
Native extension for WindowsStandalone target not found
Refreshing native plugins compatible for Editor in 0.64 ms, found 3 plugins.
Preloading 0 native plugins for Editor in 0.00 ms.
Mono: successfully reloaded assembly
- Completed reload, in  1.107 seconds
Domain Reload Profiling:
	ReloadAssembly (1108ms)
		BeginReloadAssembly (148ms)
			ExecutionOrderSort (0ms)
			DisableScriptedObjects (5ms)
			BackupInstance (0ms)
			ReleaseScriptingObjects (0ms)
			CreateAndSetChildDomain (43ms)
		EndReloadAssembly (836ms)
			LoadAssemblies (89ms)
			RebuildTransferFunctionScriptingTraits (0ms)
			SetupTypeCache (328ms)
			ReleaseScriptCaches (2ms)
			RebuildScriptCaches (54ms)
			SetupLoadedEditorAssemblies (305ms)
				LogAssemblyErrors (0ms)
				InitializePlatformSupportModulesInManaged (11ms)
				SetLoadedEditorAssemblies (0ms)
				RefreshPlugins (1ms)
				BeforeProcessingInitializeOnLoad (62ms)
				ProcessInitializeOnLoadAttributes (186ms)
				ProcessInitializeOnLoadMethodAttributes (32ms)
				AfterProcessingInitializeOnLoad (13ms)
				EditorAssembliesLoaded (0ms)
			ExecutionOrderSort2 (0ms)
			AwakeInstancesAfterBackupRestoration (9ms)
Platform modules already initialized, skipping
Shader 'SimpleURPToonLitExample(With Outline)': fallback shader 'Hidden/Universal Render Pipeline/FallbackError' not found
Shader 'SimpleURPToonLitExample(With Outline)': fallback shader 'Hidden/Universal Render Pipeline/FallbackError' not found
Refreshing native plugins compatible for Editor in 2.34 ms, found 3 plugins.
Preloading 0 native plugins for Editor in 0.00 ms.
Unloading 3427 Unused Serialized files (Serialized files now loaded: 0)
Unloading 21 unused Assets / (487.8 KB). Loaded Objects now: 3952.
Memory consumption went from 211.4 MB to 211.0 MB.
Total: 3.636500 ms (FindLiveObjects: 0.286500 ms CreateObjectMapping: 0.168800 ms MarkObjects: 2.550300 ms  DeleteObjects: 0.629800 ms)

AssetImportParameters requested are different than current active one (requested -> active):
  custom:video-decoder-ogg-theora: a1e56fd34408186e4bbccfd4996cb3dc -> 
  custom:container-muxer-webm: aa71ff27fc2769a1b78a27578f13a17b -> 
  custom:container-demuxer-webm: 4f35f7cbe854078d1ac9338744f61a02 -> 
  custom:video-encoder-webm-vp8: eb34c28f22e8b96e1ab97ce403110664 -> 
  custom:audio-encoder-webm-vorbis: bf7c407c2cedff20999df2af8eb42d56 -> 
  custom:framework-win-MediaFoundation: 216162199b28c13a410421893ffa2e32 -> 
  custom:container-demuxer-ogg: 62fdf1f143b41e24485cea50d1cbac27 -> 
  custom:video-decoder-webm-vp8: 9c59270c3fd7afecdb556c50c9e8de78 -> 
  custom:audio-decoder-ogg-vorbis: bf7c407c2cedff20999df2af8eb42d56 -> 
========================================================================
Received Prepare
Registering precompiled user dll's ...
Registered in 0.010301 seconds.
Begin MonoManager ReloadAssembly
Symbol file LoadedFromMemory doesn't match image D:\游戏设计\大作业\Final-Boss\Library\PackageCache\com.unity.visualscripting@1.7.8\Editor\VisualScripting.Core\Dependencies\YamlDotNet\Unity.VisualScripting.YamlDotNet.dll
Symbol file LoadedFromMemory doesn't match image D:\游戏设计\大作业\Final-Boss\Library\PackageCache\com.unity.visualscripting@1.7.8\Editor\VisualScripting.Core\Dependencies\DotNetZip\Unity.VisualScripting.IonicZip.dll
Native extension for WindowsStandalone target not found
Refreshing native plugins compatible for Editor in 0.69 ms, found 3 plugins.
Preloading 0 native plugins for Editor in 0.00 ms.
Mono: successfully reloaded assembly
- Completed reload, in  1.067 seconds
Domain Reload Profiling:
	ReloadAssembly (1068ms)
		BeginReloadAssembly (146ms)
			ExecutionOrderSort (0ms)
			DisableScriptedObjects (8ms)
			BackupInstance (0ms)
			ReleaseScriptingObjects (0ms)
			CreateAndSetChildDomain (38ms)
		EndReloadAssembly (814ms)
			LoadAssemblies (96ms)
			RebuildTransferFunctionScriptingTraits (0ms)
			SetupTypeCache (314ms)
			ReleaseScriptCaches (2ms)
			RebuildScriptCaches (43ms)
			SetupLoadedEditorAssemblies (301ms)
				LogAssemblyErrors (0ms)
				InitializePlatformSupportModulesInManaged (13ms)
				SetLoadedEditorAssemblies (0ms)
				RefreshPlugins (1ms)
				BeforeProcessingInitializeOnLoad (64ms)
				ProcessInitializeOnLoadAttributes (183ms)
				ProcessInitializeOnLoadMethodAttributes (25ms)
				AfterProcessingInitializeOnLoad (15ms)
				EditorAssembliesLoaded (0ms)
			ExecutionOrderSort2 (0ms)
			AwakeInstancesAfterBackupRestoration (10ms)
Platform modules already initialized, skipping
Shader 'SimpleURPToonLitExample(With Outline)': fallback shader 'Hidden/Universal Render Pipeline/FallbackError' not found
Shader 'SimpleURPToonLitExample(With Outline)': fallback shader 'Hidden/Universal Render Pipeline/FallbackError' not found
Refreshing native plugins compatible for Editor in 2.44 ms, found 3 plugins.
Preloading 0 native plugins for Editor in 0.00 ms.
Unloading 3426 Unused Serialized files (Serialized files now loaded: 0)
Unloading 22 unused Assets / (464.5 KB). Loaded Objects now: 3954.
Memory consumption went from 211.4 MB to 210.9 MB.
Total: 3.245800 ms (FindLiveObjects: 0.249400 ms CreateObjectMapping: 0.156100 ms MarkObjects: 2.602600 ms  DeleteObjects: 0.236900 ms)

AssetImportParameters requested are different than current active one (requested -> active):
  custom:video-decoder-ogg-theora: a1e56fd34408186e4bbccfd4996cb3dc -> 
  custom:container-muxer-webm: aa71ff27fc2769a1b78a27578f13a17b -> 
  custom:container-demuxer-webm: 4f35f7cbe854078d1ac9338744f61a02 -> 
  custom:video-encoder-webm-vp8: eb34c28f22e8b96e1ab97ce403110664 -> 
  custom:audio-encoder-webm-vorbis: bf7c407c2cedff20999df2af8eb42d56 -> 
  custom:framework-win-MediaFoundation: 216162199b28c13a410421893ffa2e32 -> 
  custom:container-demuxer-ogg: 62fdf1f143b41e24485cea50d1cbac27 -> 
  custom:video-decoder-webm-vp8: 9c59270c3fd7afecdb556c50c9e8de78 -> 
  custom:audio-decoder-ogg-vorbis: bf7c407c2cedff20999df2af8eb42d56 -> 
========================================================================
Received Prepare
Registering precompiled user dll's ...
Registered in 0.010280 seconds.
Begin MonoManager ReloadAssembly
Symbol file LoadedFromMemory doesn't match image D:\游戏设计\大作业\Final-Boss\Library\PackageCache\com.unity.visualscripting@1.7.8\Editor\VisualScripting.Core\Dependencies\YamlDotNet\Unity.VisualScripting.YamlDotNet.dll
Symbol file LoadedFromMemory doesn't match image D:\游戏设计\大作业\Final-Boss\Library\PackageCache\com.unity.visualscripting@1.7.8\Editor\VisualScripting.Core\Dependencies\DotNetZip\Unity.VisualScripting.IonicZip.dll
Native extension for WindowsStandalone target not found
Refreshing native plugins compatible for Editor in 0.64 ms, found 3 plugins.
Preloading 0 native plugins for Editor in 0.00 ms.
Mono: successfully reloaded assembly
- Completed reload, in  1.089 seconds
Domain Reload Profiling:
	ReloadAssembly (1089ms)
		BeginReloadAssembly (137ms)
			ExecutionOrderSort (0ms)
			DisableScriptedObjects (6ms)
			BackupInstance (0ms)
			ReleaseScriptingObjects (0ms)
			CreateAndSetChildDomain (33ms)
		EndReloadAssembly (843ms)
			LoadAssemblies (88ms)
			RebuildTransferFunctionScriptingTraits (0ms)
			SetupTypeCache (262ms)
			ReleaseScriptCaches (1ms)
			RebuildScriptCaches (40ms)
			SetupLoadedEditorAssemblies (397ms)
				LogAssemblyErrors (0ms)
				InitializePlatformSupportModulesInManaged (12ms)
				SetLoadedEditorAssemblies (0ms)
				RefreshPlugins (1ms)
				BeforeProcessingInitializeOnLoad (102ms)
				ProcessInitializeOnLoadAttributes (233ms)
				ProcessInitializeOnLoadMethodAttributes (33ms)
				AfterProcessingInitializeOnLoad (15ms)
				EditorAssembliesLoaded (0ms)
			ExecutionOrderSort2 (0ms)
			AwakeInstancesAfterBackupRestoration (14ms)
Platform modules already initialized, skipping
Shader 'SimpleURPToonLitExample(With Outline)': fallback shader 'Hidden/Universal Render Pipeline/FallbackError' not found
Shader 'SimpleURPToonLitExample(With Outline)': fallback shader 'Hidden/Universal Render Pipeline/FallbackError' not found
Refreshing native plugins compatible for Editor in 2.42 ms, found 3 plugins.
Preloading 0 native plugins for Editor in 0.00 ms.
Unloading 3427 Unused Serialized files (Serialized files now loaded: 0)
Unloading 21 unused Assets / (487.8 KB). Loaded Objects now: 3958.
Memory consumption went from 211.4 MB to 211.0 MB.
Total: 3.590600 ms (FindLiveObjects: 0.304300 ms CreateObjectMapping: 0.155000 ms MarkObjects: 2.825200 ms  DeleteObjects: 0.305100 ms)

AssetImportParameters requested are different than current active one (requested -> active):
  custom:video-decoder-ogg-theora: a1e56fd34408186e4bbccfd4996cb3dc -> 
  custom:container-muxer-webm: aa71ff27fc2769a1b78a27578f13a17b -> 
  custom:container-demuxer-webm: 4f35f7cbe854078d1ac9338744f61a02 -> 
  custom:video-encoder-webm-vp8: eb34c28f22e8b96e1ab97ce403110664 -> 
  custom:audio-encoder-webm-vorbis: bf7c407c2cedff20999df2af8eb42d56 -> 
  custom:framework-win-MediaFoundation: 216162199b28c13a410421893ffa2e32 -> 
  custom:container-demuxer-ogg: 62fdf1f143b41e24485cea50d1cbac27 -> 
  custom:video-decoder-webm-vp8: 9c59270c3fd7afecdb556c50c9e8de78 -> 
  custom:audio-decoder-ogg-vorbis: bf7c407c2cedff20999df2af8eb42d56 -> 
========================================================================
Received Import Request.
  Time since last request: 264.845167 seconds.
  path: Assets/Scripts/Jia/Conf/CreateConf.cs
  artifactKey: Guid(76854f4349feac94eb1ea3c5799e7993) Importer(815301076,1909f56bfc062723c751e8b465ee728b)
Start importing Assets/Scripts/Jia/Conf/CreateConf.cs using Guid(76854f4349feac94eb1ea3c5799e7993) Importer(815301076,1909f56bfc062723c751e8b465ee728b)  -> (artifact id: 'c6760c012df80797b5dd2898ccb70e94') in 0.006251 seconds 
========================================================================
Received Prepare
Registering precompiled user dll's ...
Registered in 0.010638 seconds.
Begin MonoManager ReloadAssembly
Symbol file LoadedFromMemory doesn't match image D:\游戏设计\大作业\Final-Boss\Library\PackageCache\com.unity.visualscripting@1.7.8\Editor\VisualScripting.Core\Dependencies\YamlDotNet\Unity.VisualScripting.YamlDotNet.dll
Symbol file LoadedFromMemory doesn't match image D:\游戏设计\大作业\Final-Boss\Library\PackageCache\com.unity.visualscripting@1.7.8\Editor\VisualScripting.Core\Dependencies\DotNetZip\Unity.VisualScripting.IonicZip.dll
Native extension for WindowsStandalone target not found
Refreshing native plugins compatible for Editor in 0.97 ms, found 3 plugins.
Preloading 0 native plugins for Editor in 0.00 ms.
Mono: successfully reloaded assembly
- Completed reload, in  1.159 seconds
Domain Reload Profiling:
	ReloadAssembly (1160ms)
		BeginReloadAssembly (156ms)
			ExecutionOrderSort (0ms)
			DisableScriptedObjects (6ms)
			BackupInstance (0ms)
			ReleaseScriptingObjects (0ms)
			CreateAndSetChildDomain (40ms)
		EndReloadAssembly (899ms)
			LoadAssemblies (97ms)
			RebuildTransferFunctionScriptingTraits (0ms)
			SetupTypeCache (318ms)
			ReleaseScriptCaches (1ms)
			RebuildScriptCaches (71ms)
			SetupLoadedEditorAssemblies (321ms)
				LogAssemblyErrors (0ms)
				InitializePlatformSupportModulesInManaged (16ms)
				SetLoadedEditorAssemblies (1ms)
				RefreshPlugins (1ms)
				BeforeProcessingInitializeOnLoad (70ms)
				ProcessInitializeOnLoadAttributes (194ms)
				ProcessInitializeOnLoadMethodAttributes (25ms)
				AfterProcessingInitializeOnLoad (13ms)
				EditorAssembliesLoaded (0ms)
			ExecutionOrderSort2 (0ms)
			AwakeInstancesAfterBackupRestoration (10ms)
Platform modules already initialized, skipping
Shader 'SimpleURPToonLitExample(With Outline)': fallback shader 'Hidden/Universal Render Pipeline/FallbackError' not found
Shader 'SimpleURPToonLitExample(With Outline)': fallback shader 'Hidden/Universal Render Pipeline/FallbackError' not found
Refreshing native plugins compatible for Editor in 1.99 ms, found 3 plugins.
Preloading 0 native plugins for Editor in 0.00 ms.
Unloading 3427 Unused Serialized files (Serialized files now loaded: 0)
Unloading 21 unused Assets / (487.7 KB). Loaded Objects now: 3961.
Memory consumption went from 211.5 MB to 211.0 MB.
Total: 2.917000 ms (FindLiveObjects: 0.250600 ms CreateObjectMapping: 0.146600 ms MarkObjects: 2.309700 ms  DeleteObjects: 0.209500 ms)

AssetImportParameters requested are different than current active one (requested -> active):
  custom:video-decoder-ogg-theora: a1e56fd34408186e4bbccfd4996cb3dc -> 
  custom:container-muxer-webm: aa71ff27fc2769a1b78a27578f13a17b -> 
  custom:container-demuxer-webm: 4f35f7cbe854078d1ac9338744f61a02 -> 
  custom:video-encoder-webm-vp8: eb34c28f22e8b96e1ab97ce403110664 -> 
  custom:audio-encoder-webm-vorbis: bf7c407c2cedff20999df2af8eb42d56 -> 
  custom:framework-win-MediaFoundation: 216162199b28c13a410421893ffa2e32 -> 
  custom:container-demuxer-ogg: 62fdf1f143b41e24485cea50d1cbac27 -> 
  custom:video-decoder-webm-vp8: 9c59270c3fd7afecdb556c50c9e8de78 -> 
  custom:audio-decoder-ogg-vorbis: bf7c407c2cedff20999df2af8eb42d56 -> 
========================================================================
Received Import Request.
  Time since last request: 20.589818 seconds.
  path: Assets/Resources/avatar.jpg
  artifactKey: Guid(6d4a8c31800261a40a8a3393bdd46e21) Importer(815301076,1909f56bfc062723c751e8b465ee728b)
Start importing Assets/Resources/avatar.jpg using Guid(6d4a8c31800261a40a8a3393bdd46e21) Importer(815301076,1909f56bfc062723c751e8b465ee728b)  -> (artifact id: '8ac74f7029fd07b380699af89191c4e8') in 0.097849 seconds 
========================================================================
Received Import Request.
  Time since last request: 5.750109 seconds.
  path: Assets/Resources/Create
  artifactKey: Guid(aa1f1c88ef3bb244face17a3de3e99ce) Importer(815301076,1909f56bfc062723c751e8b465ee728b)
Start importing Assets/Resources/Create using Guid(aa1f1c88ef3bb244face17a3de3e99ce) Importer(815301076,1909f56bfc062723c751e8b465ee728b)  -> (artifact id: 'e4b5f2bea767077bf685ff269efca18a') in 0.001985 seconds 
========================================================================
Received Import Request.
  Time since last request: 8.316167 seconds.
  path: Assets/Resources/Conf
  artifactKey: Guid(985ee4be432d0ac43aef8df36d7c6cbb) Importer(815301076,1909f56bfc062723c751e8b465ee728b)
Start importing Assets/Resources/Conf using Guid(985ee4be432d0ac43aef8df36d7c6cbb) Importer(815301076,1909f56bfc062723c751e8b465ee728b)  -> (artifact id: 'b38ccb21235b47ab894bd634ad038a30') in 0.002005 seconds 
========================================================================
Received Prepare
Registering precompiled user dll's ...
Registered in 0.011322 seconds.
Begin MonoManager ReloadAssembly
Symbol file LoadedFromMemory doesn't match image D:\游戏设计\大作业\Final-Boss\Library\PackageCache\com.unity.visualscripting@1.7.8\Editor\VisualScripting.Core\Dependencies\YamlDotNet\Unity.VisualScripting.YamlDotNet.dll
Symbol file LoadedFromMemory doesn't match image D:\游戏设计\大作业\Final-Boss\Library\PackageCache\com.unity.visualscripting@1.7.8\Editor\VisualScripting.Core\Dependencies\DotNetZip\Unity.VisualScripting.IonicZip.dll
Native extension for WindowsStandalone target not found
Refreshing native plugins compatible for Editor in 0.62 ms, found 3 plugins.
Preloading 0 native plugins for Editor in 0.00 ms.
Mono: successfully reloaded assembly
- Completed reload, in  0.994 seconds
Domain Reload Profiling:
	ReloadAssembly (995ms)
		BeginReloadAssembly (146ms)
			ExecutionOrderSort (0ms)
			DisableScriptedObjects (5ms)
			BackupInstance (0ms)
			ReleaseScriptingObjects (0ms)
			CreateAndSetChildDomain (44ms)
		EndReloadAssembly (746ms)
			LoadAssemblies (87ms)
			RebuildTransferFunctionScriptingTraits (0ms)
			SetupTypeCache (263ms)
			ReleaseScriptCaches (1ms)
			RebuildScriptCaches (37ms)
			SetupLoadedEditorAssemblies (319ms)
				LogAssemblyErrors (0ms)
				InitializePlatformSupportModulesInManaged (11ms)
				SetLoadedEditorAssemblies (0ms)
				RefreshPlugins (1ms)
				BeforeProcessingInitializeOnLoad (66ms)
				ProcessInitializeOnLoadAttributes (201ms)
				ProcessInitializeOnLoadMethodAttributes (26ms)
				AfterProcessingInitializeOnLoad (13ms)
				EditorAssembliesLoaded (0ms)
			ExecutionOrderSort2 (0ms)
			AwakeInstancesAfterBackupRestoration (10ms)
Platform modules already initialized, skipping
Shader 'SimpleURPToonLitExample(With Outline)': fallback shader 'Hidden/Universal Render Pipeline/FallbackError' not found
Shader 'SimpleURPToonLitExample(With Outline)': fallback shader 'Hidden/Universal Render Pipeline/FallbackError' not found
Refreshing native plugins compatible for Editor in 2.26 ms, found 3 plugins.
Preloading 0 native plugins for Editor in 0.00 ms.
Unloading 3427 Unused Serialized files (Serialized files now loaded: 0)
Unloading 21 unused Assets / (487.8 KB). Loaded Objects now: 3971.
Memory consumption went from 215.8 MB to 215.3 MB.
Total: 3.272200 ms (FindLiveObjects: 0.249400 ms CreateObjectMapping: 0.153400 ms MarkObjects: 2.669700 ms  DeleteObjects: 0.199000 ms)

AssetImportParameters requested are different than current active one (requested -> active):
  custom:video-decoder-ogg-theora: a1e56fd34408186e4bbccfd4996cb3dc -> 
  custom:container-muxer-webm: aa71ff27fc2769a1b78a27578f13a17b -> 
  custom:container-demuxer-webm: 4f35f7cbe854078d1ac9338744f61a02 -> 
  custom:video-encoder-webm-vp8: eb34c28f22e8b96e1ab97ce403110664 -> 
  custom:audio-encoder-webm-vorbis: bf7c407c2cedff20999df2af8eb42d56 -> 
  custom:framework-win-MediaFoundation: 216162199b28c13a410421893ffa2e32 -> 
  custom:container-demuxer-ogg: 62fdf1f143b41e24485cea50d1cbac27 -> 
  custom:video-decoder-webm-vp8: 9c59270c3fd7afecdb556c50c9e8de78 -> 
  custom:audio-decoder-ogg-vorbis: bf7c407c2cedff20999df2af8eb42d56 -> 
========================================================================
Received Import Request.
  Time since last request: 80.590092 seconds.
  path: Assets/Resources/Conf/创建物配置文件.asset
  artifactKey: Guid(ad0ce82e2d90a284ea7376f446e5226e) Importer(815301076,1909f56bfc062723c751e8b465ee728b)
Start importing Assets/Resources/Conf/创建物配置文件.asset using Guid(ad0ce82e2d90a284ea7376f446e5226e) Importer(815301076,1909f56bfc062723c751e8b465ee728b)  -> (artifact id: 'b1fff028ee9a8b1ac0afb49b98c74426') in 0.019375 seconds 
========================================================================
Received Import Request.
  Time since last request: 26.916007 seconds.
  path: Assets/Resources/Conf/Crop.asset
  artifactKey: Guid(8cab7db5f870c114ab73e0e7560cb923) Importer(815301076,1909f56bfc062723c751e8b465ee728b)
Start importing Assets/Resources/Conf/Crop.asset using Guid(8cab7db5f870c114ab73e0e7560cb923) Importer(815301076,1909f56bfc062723c751e8b465ee728b)  -> (artifact id: '9646ce009d2711bf324836074a8d91b9') in 0.002703 seconds 
========================================================================
Received Import Request.
  Time since last request: 5.221210 seconds.
  path: Assets/Resources/Conf/Crops.asset
  artifactKey: Guid(8cab7db5f870c114ab73e0e7560cb923) Importer(815301076,1909f56bfc062723c751e8b465ee728b)
Start importing Assets/Resources/Conf/Crops.asset using Guid(8cab7db5f870c114ab73e0e7560cb923) Importer(815301076,1909f56bfc062723c751e8b465ee728b)  -> (artifact id: '04a9fb18ffd2602d4840fb65b86798a2') in 0.002491 seconds 
========================================================================
Received Import Request.
  Time since last request: 30.255113 seconds.
  path: Assets/Resources/Create/crop/Tomato01.prefab
  artifactKey: Guid(78da2ace1ab76ce478600ebe37fa10fe) Importer(815301076,1909f56bfc062723c751e8b465ee728b)
Start importing Assets/Resources/Create/crop/Tomato01.prefab using Guid(78da2ace1ab76ce478600ebe37fa10fe) Importer(815301076,1909f56bfc062723c751e8b465ee728b)  -> (artifact id: '2521695bcb91b1bbe012b63cff901910') in 0.064278 seconds 
========================================================================
Received Import Request.
  Time since last request: 25.452156 seconds.
  path: Assets/Resources/Create/crop/LowPolyFarmLite/Prefabs/Box_01.prefab
  artifactKey: Guid(d26dc1241d332c342b898a57f1164932) Importer(815301076,1909f56bfc062723c751e8b465ee728b)
Start importing Assets/Resources/Create/crop/LowPolyFarmLite/Prefabs/Box_01.prefab using Guid(d26dc1241d332c342b898a57f1164932) Importer(815301076,1909f56bfc062723c751e8b465ee728b)  -> (artifact id: 'd30d3dfeaea51b4cfc02f7e2c8258e63') in 0.046645 seconds 
========================================================================
Received Import Request.
  Time since last request: 0.184288 seconds.
  path: Assets/Resources/Create/crop/LowPolyFarmLite/Prefabs/Fence_01.prefab
  artifactKey: Guid(cb422acdc199d6e42910f589b81c283b) Importer(815301076,1909f56bfc062723c751e8b465ee728b)
Start importing Assets/Resources/Create/crop/LowPolyFarmLite/Prefabs/Fence_01.prefab using Guid(cb422acdc199d6e42910f589b81c283b) Importer(815301076,1909f56bfc062723c751e8b465ee728b)  -> (artifact id: 'b84b41f4c7cfdd2a943bbe3b17713a3e') in 0.020025 seconds 
========================================================================
Received Import Request.
  Time since last request: 0.000029 seconds.
  path: Assets/Resources/Create/crop/LowPolyFarmLite/Prefabs/Rock_04.prefab
  artifactKey: Guid(748ca274b89873247873cee26d353629) Importer(815301076,1909f56bfc062723c751e8b465ee728b)
Start importing Assets/Resources/Create/crop/LowPolyFarmLite/Prefabs/Rock_04.prefab using Guid(748ca274b89873247873cee26d353629) Importer(815301076,1909f56bfc062723c751e8b465ee728b)  -> (artifact id: 'fc8d8710619a3b16d87809457883ed71') in 0.016087 seconds 
========================================================================
Received Import Request.
  Time since last request: 0.000029 seconds.
  path: Assets/Resources/Create/crop/LowPolyFarmLite/Prefabs/Mud_01.prefab
  artifactKey: Guid(c4fa87cd4eff4ae4ba4c8d1ad48df5f7) Importer(815301076,1909f56bfc062723c751e8b465ee728b)
Start importing Assets/Resources/Create/crop/LowPolyFarmLite/Prefabs/Mud_01.prefab using Guid(c4fa87cd4eff4ae4ba4c8d1ad48df5f7) Importer(815301076,1909f56bfc062723c751e8b465ee728b)  -> (artifact id: 'd8ad31855284a731789476df862f616d') in 0.025874 seconds 
========================================================================
Received Import Request.
  Time since last request: 0.000020 seconds.
  path: Assets/Resources/Create/crop/LowPolyFarmLite/Prefabs/WateringCan_01.prefab
  artifactKey: Guid(8877f4aac7d3c184ea4954647487e084) Importer(815301076,1909f56bfc062723c751e8b465ee728b)
Start importing Assets/Resources/Create/crop/LowPolyFarmLite/Prefabs/WateringCan_01.prefab using Guid(8877f4aac7d3c184ea4954647487e084) Importer(815301076,1909f56bfc062723c751e8b465ee728b)  -> (artifact id: '353f995154f7c644c84cfd0993063156') in 0.017807 seconds 
========================================================================
Received Import Request.
  Time since last request: 10.261841 seconds.
  path: Assets/Resources/Create/crop/Cartoon_Farm_Crops/Prefabs/Mobile/Carrot_Plant.prefab
  artifactKey: Guid(20a97bb13c3ef18478cf9c86535b1e9b) Importer(815301076,1909f56bfc062723c751e8b465ee728b)
Start importing Assets/Resources/Create/crop/Cartoon_Farm_Crops/Prefabs/Mobile/Carrot_Plant.prefab using Guid(20a97bb13c3ef18478cf9c86535b1e9b) Importer(815301076,1909f56bfc062723c751e8b465ee728b)  -> (artifact id: 'b3c1f271b82d3e6d412e898724fe86e9') in 0.037407 seconds 
========================================================================
Received Import Request.
  Time since last request: 0.000024 seconds.
  path: Assets/Resources/Create/crop/Cartoon_Farm_Crops/Prefabs/Mobile/Tomato_Plant.prefab
  artifactKey: Guid(1cee73a22ae3bff49a094a5883eabd3c) Importer(815301076,1909f56bfc062723c751e8b465ee728b)
Start importing Assets/Resources/Create/crop/Cartoon_Farm_Crops/Prefabs/Mobile/Tomato_Plant.prefab using Guid(1cee73a22ae3bff49a094a5883eabd3c) Importer(815301076,1909f56bfc062723c751e8b465ee728b)  -> (artifact id: '0b9d4aeff7d07c371e67288e9b1ef16c') in 0.029847 seconds 
========================================================================
Received Import Request.
  Time since last request: 0.000025 seconds.
  path: Assets/Resources/Create/crop/Cartoon_Farm_Crops/Prefabs/Mobile/Turnip_Plant.prefab
  artifactKey: Guid(61b0f6b970bd324438f2ffc56c6ddf14) Importer(815301076,1909f56bfc062723c751e8b465ee728b)
Start importing Assets/Resources/Create/crop/Cartoon_Farm_Crops/Prefabs/Mobile/Turnip_Plant.prefab using Guid(61b0f6b970bd324438f2ffc56c6ddf14) Importer(815301076,1909f56bfc062723c751e8b465ee728b)  -> (artifact id: 'e9147656de812061c9846ba527f8c202') in 0.034105 seconds 
========================================================================
Received Import Request.
  Time since last request: 0.000041 seconds.
  path: Assets/Resources/Create/crop/Cartoon_Farm_Crops/Prefabs/Mobile/Pumpkin_Fruit.prefab
  artifactKey: Guid(c2a2644fedfa0a849bbc9b40600c5c65) Importer(815301076,1909f56bfc062723c751e8b465ee728b)
Start importing Assets/Resources/Create/crop/Cartoon_Farm_Crops/Prefabs/Mobile/Pumpkin_Fruit.prefab using Guid(c2a2644fedfa0a849bbc9b40600c5c65) Importer(815301076,1909f56bfc062723c751e8b465ee728b)  -> (artifact id: '2cad6bd3d87319d2ac8701df1ecb0411') in 0.016165 seconds 
========================================================================
Received Import Request.
  Time since last request: 0.000057 seconds.
  path: Assets/Resources/Create/crop/Cartoon_Farm_Crops/Prefabs/Mobile/Pumpkin_Plant.prefab
  artifactKey: Guid(85cae589c09bb234d907a2ea8d0bac98) Importer(815301076,1909f56bfc062723c751e8b465ee728b)
Start importing Assets/Resources/Create/crop/Cartoon_Farm_Crops/Prefabs/Mobile/Pumpkin_Plant.prefab using Guid(85cae589c09bb234d907a2ea8d0bac98) Importer(815301076,1909f56bfc062723c751e8b465ee728b)  -> (artifact id: 'd734535459bafcad6a4d7c877a2a4b05') in 0.014868 seconds 
========================================================================
Received Import Request.
  Time since last request: 7.491460 seconds.
  path: Assets/Resources/Create/crop/Cartoon_Farm_Crops/Prefabs/Standard/Carrot_Plant.prefab
  artifactKey: Guid(56b36da289d9a9e4cb37c5f588e23748) Importer(815301076,1909f56bfc062723c751e8b465ee728b)
Start importing Assets/Resources/Create/crop/Cartoon_Farm_Crops/Prefabs/Standard/Carrot_Plant.prefab using Guid(56b36da289d9a9e4cb37c5f588e23748) Importer(815301076,1909f56bfc062723c751e8b465ee728b)  -> (artifact id: '515915057a0ff53e03a62964c003a3a8') in 0.025982 seconds 
========================================================================
Received Import Request.
  Time since last request: 0.000019 seconds.
  path: Assets/Resources/Create/crop/Cartoon_Farm_Crops/Prefabs/Standard/Pumpkin_Plant.prefab
  artifactKey: Guid(30319199574ca3644bf3898bb5cac486) Importer(815301076,1909f56bfc062723c751e8b465ee728b)
Start importing Assets/Resources/Create/crop/Cartoon_Farm_Crops/Prefabs/Standard/Pumpkin_Plant.prefab using Guid(30319199574ca3644bf3898bb5cac486) Importer(815301076,1909f56bfc062723c751e8b465ee728b)  -> (artifact id: '65a3e9aa9db28761433e8fed1a3a4216') in 0.030056 seconds 
========================================================================
Received Import Request.
  Time since last request: 0.000053 seconds.
  path: Assets/Resources/Create/crop/Cartoon_Farm_Crops/Prefabs/Standard/Tomato_Fruit.prefab
  artifactKey: Guid(ad3b2f45225bb0c4f8f80eacd5111af1) Importer(815301076,1909f56bfc062723c751e8b465ee728b)
Start importing Assets/Resources/Create/crop/Cartoon_Farm_Crops/Prefabs/Standard/Tomato_Fruit.prefab using Guid(ad3b2f45225bb0c4f8f80eacd5111af1) Importer(815301076,1909f56bfc062723c751e8b465ee728b)  -> (artifact id: 'c2b1b10481b93c8f59af3b00dbcce3dd') in 0.028981 seconds 
Editor requested this worker to shutdown with reason: Scaling down because of idle timeout
AssetImportWorker is now disconnected from the server
Process exiting
Exiting without the bug reporter. Application will terminate with return code 0