Using pre-set license
Built from 'HEAD' branch; Version is '2021.3.12f1c2 (ffeb050254a0) revision 16771845'; Using compiler version '192829333'; Build Type 'Release'
OS: 'Windows 11  (10.0.22000) 64bit Professional' Language: 'zh' Physical Memory: 16145 MB
BatchMode: 1, IsHumanControllingUs: 0, StartBugReporterOnCrash: 0, Is64bit: 1, IsPro: 1

COMMAND LINE ARGUMENTS:
C:\Program Files\Unity\Hub\Editor\2021.3.12f1c2\Editor\Unity.exe
-adb2
-batchMode
-noUpm
-name
AssetImportWorker2
-projectPath
D:/游戏设计/大作业/Final-Boss
-logFile
Logs/AssetImportWorker2.log
-srvPort
54232
Successfully changed project path to: D:/游戏设计/大作业/Final-Boss
D:/游戏设计/大作业/Final-Boss
[UnityMemory] Configuration Parameters - Can be set up in boot.config
    "memorysetup-bucket-allocator-granularity=16"
    "memorysetup-bucket-allocator-bucket-count=8"
    "memorysetup-bucket-allocator-block-size=33554432"
    "memorysetup-bucket-allocator-block-count=8"
    "memorysetup-main-allocator-block-size=16777216"
    "memorysetup-thread-allocator-block-size=16777216"
    "memorysetup-gfx-main-allocator-block-size=16777216"
    "memorysetup-gfx-thread-allocator-block-size=16777216"
    "memorysetup-cache-allocator-block-size=4194304"
    "memorysetup-typetree-allocator-block-size=2097152"
    "memorysetup-profiler-bucket-allocator-granularity=16"
    "memorysetup-profiler-bucket-allocator-bucket-count=8"
    "memorysetup-profiler-bucket-allocator-block-size=33554432"
    "memorysetup-profiler-bucket-allocator-block-count=8"
    "memorysetup-profiler-allocator-block-size=16777216"
    "memorysetup-profiler-editor-allocator-block-size=1048576"
    "memorysetup-temp-allocator-size-main=16777216"
    "memorysetup-job-temp-allocator-block-size=2097152"
    "memorysetup-job-temp-allocator-block-size-background=1048576"
    "memorysetup-job-temp-allocator-reduction-small-platforms=262144"
    "memorysetup-temp-allocator-size-background-worker=32768"
    "memorysetup-temp-allocator-size-job-worker=262144"
    "memorysetup-temp-allocator-size-preload-manager=33554432"
    "memorysetup-temp-allocator-size-nav-mesh-worker=65536"
    "memorysetup-temp-allocator-size-audio-worker=65536"
    "memorysetup-temp-allocator-size-cloud-worker=32768"
    "memorysetup-temp-allocator-size-gi-baking-worker=262144"
    "memorysetup-temp-allocator-size-gfx=262144"
AS: AutoStreaming module initializing.
Refreshing native plugins compatible for Editor in 118.00 ms, found 3 plugins.
Preloading 0 native plugins for Editor in 0.00 ms.
Initialize engine version: 2021.3.12f1c2 (ffeb050254a0)
[Subsystems] Discovering subsystems at path C:/Program Files/Unity/Hub/Editor/2021.3.12f1c2/Editor/Data/Resources/UnitySubsystems
[Subsystems] Discovering subsystems at path D:/游戏设计/大作业/Final-Boss/Assets
GfxDevice: creating device client; threaded=0; jobified=0
Direct3D:
    Version:  Direct3D 11.0 [level 11.1]
    Renderer: Intel(R) UHD Graphics (ID=0x9bc4)
    Vendor:   Intel
    VRAM:     8072 MB
    Driver:   27.20.100.9664
Initialize mono
Mono path[0] = 'C:/Program Files/Unity/Hub/Editor/2021.3.12f1c2/Editor/Data/Managed'
Mono path[1] = 'C:/Program Files/Unity/Hub/Editor/2021.3.12f1c2/Editor/Data/MonoBleedingEdge/lib/mono/unityjit-win32'
Mono config path = 'C:/Program Files/Unity/Hub/Editor/2021.3.12f1c2/Editor/Data/MonoBleedingEdge/etc'
Using monoOptions --debugger-agent=transport=dt_socket,embedding=1,server=y,suspend=n,address=127.0.0.1:56616
Begin MonoManager ReloadAssembly
Registering precompiled unity dll's ...
Register platform support module: C:/Program Files/Unity/Hub/Editor/2021.3.12f1c2/Editor/Data/PlaybackEngines/WindowsStandaloneSupport/UnityEditor.WindowsStandalone.Extensions.dll
Registered in 0.011546 seconds.
Native extension for WindowsStandalone target not found
Refreshing native plugins compatible for Editor in 113.74 ms, found 3 plugins.
Preloading 0 native plugins for Editor in 0.00 ms.
Mono: successfully reloaded assembly
- Completed reload, in  1.103 seconds
Domain Reload Profiling:
	ReloadAssembly (1104ms)
		BeginReloadAssembly (143ms)
			ExecutionOrderSort (0ms)
			DisableScriptedObjects (0ms)
			BackupInstance (0ms)
			ReleaseScriptingObjects (0ms)
			CreateAndSetChildDomain (1ms)
		EndReloadAssembly (735ms)
			LoadAssemblies (133ms)
			RebuildTransferFunctionScriptingTraits (0ms)
			SetupTypeCache (173ms)
			ReleaseScriptCaches (0ms)
			RebuildScriptCaches (46ms)
			SetupLoadedEditorAssemblies (419ms)
				LogAssemblyErrors (0ms)
				InitializePlatformSupportModulesInManaged (10ms)
				SetLoadedEditorAssemblies (0ms)
				RefreshPlugins (114ms)
				BeforeProcessingInitializeOnLoad (2ms)
				ProcessInitializeOnLoadAttributes (209ms)
				ProcessInitializeOnLoadMethodAttributes (84ms)
				AfterProcessingInitializeOnLoad (0ms)
				EditorAssembliesLoaded (0ms)
			ExecutionOrderSort2 (0ms)
			AwakeInstancesAfterBackupRestoration (0ms)
Platform modules already initialized, skipping
Registering precompiled user dll's ...
Registered in 0.012462 seconds.
Begin MonoManager ReloadAssembly
Symbol file LoadedFromMemory doesn't match image D:\游戏设计\大作业\Final-Boss\Library\PackageCache\com.unity.visualscripting@1.7.8\Editor\VisualScripting.Core\Dependencies\YamlDotNet\Unity.VisualScripting.YamlDotNet.dll
Symbol file LoadedFromMemory doesn't match image D:\游戏设计\大作业\Final-Boss\Library\PackageCache\com.unity.visualscripting@1.7.8\Editor\VisualScripting.Core\Dependencies\DotNetZip\Unity.VisualScripting.IonicZip.dll
Native extension for WindowsStandalone target not found
Refreshing native plugins compatible for Editor in 0.70 ms, found 3 plugins.
Preloading 0 native plugins for Editor in 0.00 ms.
Mono: successfully reloaded assembly
- Completed reload, in  1.681 seconds
Domain Reload Profiling:
	ReloadAssembly (1682ms)
		BeginReloadAssembly (228ms)
			ExecutionOrderSort (0ms)
			DisableScriptedObjects (8ms)
			BackupInstance (0ms)
			ReleaseScriptingObjects (0ms)
			CreateAndSetChildDomain (30ms)
		EndReloadAssembly (1265ms)
			LoadAssemblies (111ms)
			RebuildTransferFunctionScriptingTraits (0ms)
			SetupTypeCache (449ms)
			ReleaseScriptCaches (1ms)
			RebuildScriptCaches (79ms)
			SetupLoadedEditorAssemblies (547ms)
				LogAssemblyErrors (0ms)
				InitializePlatformSupportModulesInManaged (9ms)
				SetLoadedEditorAssemblies (1ms)
				RefreshPlugins (1ms)
				BeforeProcessingInitializeOnLoad (129ms)
				ProcessInitializeOnLoadAttributes (346ms)
				ProcessInitializeOnLoadMethodAttributes (42ms)
				AfterProcessingInitializeOnLoad (19ms)
				EditorAssembliesLoaded (0ms)
			ExecutionOrderSort2 (0ms)
			AwakeInstancesAfterBackupRestoration (14ms)
Platform modules already initialized, skipping
========================================================================
Worker process is ready to serve import requests
Shader 'SimpleURPToonLitExample(With Outline)': fallback shader 'Hidden/Universal Render Pipeline/FallbackError' not found
Shader 'SimpleURPToonLitExample(With Outline)': fallback shader 'Hidden/Universal Render Pipeline/FallbackError' not found
Launched and connected shader compiler UnityShaderCompiler.exe after 0.09 seconds
Refreshing native plugins compatible for Editor in 1.22 ms, found 3 plugins.
Preloading 0 native plugins for Editor in 0.00 ms.
Unloading 3392 Unused Serialized files (Serialized files now loaded: 0)
Unloading 30 unused Assets / (0.5 MB). Loaded Objects now: 3870.
Memory consumption went from 210.0 MB to 209.5 MB.
Total: 4.606100 ms (FindLiveObjects: 0.346800 ms CreateObjectMapping: 0.292100 ms MarkObjects: 3.500800 ms  DeleteObjects: 0.465000 ms)

AssetImportParameters requested are different than current active one (requested -> active):
  custom:video-decoder-ogg-theora: a1e56fd34408186e4bbccfd4996cb3dc -> 
  custom:container-muxer-webm: aa71ff27fc2769a1b78a27578f13a17b -> 
  custom:container-demuxer-webm: 4f35f7cbe854078d1ac9338744f61a02 -> 
  custom:video-encoder-webm-vp8: eb34c28f22e8b96e1ab97ce403110664 -> 
  custom:audio-encoder-webm-vorbis: bf7c407c2cedff20999df2af8eb42d56 -> 
  custom:framework-win-MediaFoundation: 216162199b28c13a410421893ffa2e32 -> 
  custom:container-demuxer-ogg: 62fdf1f143b41e24485cea50d1cbac27 -> 
  custom:video-decoder-webm-vp8: 9c59270c3fd7afecdb556c50c9e8de78 -> 
  custom:audio-decoder-ogg-vorbis: bf7c407c2cedff20999df2af8eb42d56 -> 
========================================================================
Received Import Request.
  Time since last request: 14331.786882 seconds.
  path: Assets/Coral & White simple UI/button/system window/off button.png
  artifactKey: Guid(5bd89f9b2a1b09c47b80b1a862ab2245) Importer(815301076,1909f56bfc062723c751e8b465ee728b)
Start importing Assets/Coral & White simple UI/button/system window/off button.png using Guid(5bd89f9b2a1b09c47b80b1a862ab2245) Importer(815301076,1909f56bfc062723c751e8b465ee728b)  -> (artifact id: 'dcb3fccd0b3840dc4e40b89cc5c33ea0') in 0.180472 seconds 
========================================================================
Received Import Request.
  Time since last request: 0.000035 seconds.
  path: Assets/Coral & White simple UI/button/system window/window2.png
  artifactKey: Guid(c460fb86b2e7c7d4bb459fd0096620e2) Importer(815301076,1909f56bfc062723c751e8b465ee728b)
Start importing Assets/Coral & White simple UI/button/system window/window2.png using Guid(c460fb86b2e7c7d4bb459fd0096620e2) Importer(815301076,1909f56bfc062723c751e8b465ee728b)  -> (artifact id: '81e311b89466d127c99fd82c98639585') in 0.183395 seconds 
========================================================================
Received Import Request.
  Time since last request: 5.945196 seconds.
  path: Assets/Coral & White simple UI/Scenes
  artifactKey: Guid(4f704ae4b4f98ae41a0bce26658850c1) Importer(815301076,1909f56bfc062723c751e8b465ee728b)
Start importing Assets/Coral & White simple UI/Scenes using Guid(4f704ae4b4f98ae41a0bce26658850c1) Importer(815301076,1909f56bfc062723c751e8b465ee728b)  -> (artifact id: 'afdd990117e546394f17e78277df244d') in 0.001964 seconds 
========================================================================
Received Import Request.
  Time since last request: 1.665836 seconds.
  path: Assets/Coral & White simple UI/TAP TO START
  artifactKey: Guid(653ec8ca21752e14cb1064ae9fabc73c) Importer(815301076,1909f56bfc062723c751e8b465ee728b)
Start importing Assets/Coral & White simple UI/TAP TO START using Guid(653ec8ca21752e14cb1064ae9fabc73c) Importer(815301076,1909f56bfc062723c751e8b465ee728b)  -> (artifact id: '673a81fb3e567cda36da3c6764af8b16') in 0.002548 seconds 
========================================================================
Received Import Request.
  Time since last request: 0.067329 seconds.
  path: Assets/Coral & White simple UI/TAP TO START/TAP TO START1.png
  artifactKey: Guid(b7a9b9eb0e46ae04383b72075bbfbe60) Importer(815301076,1909f56bfc062723c751e8b465ee728b)
Start importing Assets/Coral & White simple UI/TAP TO START/TAP TO START1.png using Guid(b7a9b9eb0e46ae04383b72075bbfbe60) Importer(815301076,1909f56bfc062723c751e8b465ee728b)  -> (artifact id: 'd122cfd464eeea06e0555a251fe7f6e8') in 0.027750 seconds 
========================================================================
Received Import Request.
  Time since last request: 4.669339 seconds.
  path: Assets/Coral & White simple UI/TEXT
  artifactKey: Guid(5e3958ea30d62754186ed2dea22b6326) Importer(815301076,1909f56bfc062723c751e8b465ee728b)
Start importing Assets/Coral & White simple UI/TEXT using Guid(5e3958ea30d62754186ed2dea22b6326) Importer(815301076,1909f56bfc062723c751e8b465ee728b)  -> (artifact id: 'f281cd35f0d7b950529c9bd8056f4050') in 0.002342 seconds 
========================================================================
Received Import Request.
  Time since last request: 0.067724 seconds.
  path: Assets/Coral & White simple UI/TEXT/123456.png
  artifactKey: Guid(52fa8d4ecb8936b4b8510eab8eb54c17) Importer(815301076,1909f56bfc062723c751e8b465ee728b)
Start importing Assets/Coral & White simple UI/TEXT/123456.png using Guid(52fa8d4ecb8936b4b8510eab8eb54c17) Importer(815301076,1909f56bfc062723c751e8b465ee728b)  -> (artifact id: 'b0a44759cbeb34fdaccd7a06ff698182') in 0.041144 seconds 
========================================================================
Received Import Request.
  Time since last request: 0.000056 seconds.
  path: Assets/Coral & White simple UI/TEXT/tutorial.png
  artifactKey: Guid(3250567b0aecbbd44be322de190e58d8) Importer(815301076,1909f56bfc062723c751e8b465ee728b)
Start importing Assets/Coral & White simple UI/TEXT/tutorial.png using Guid(3250567b0aecbbd44be322de190e58d8) Importer(815301076,1909f56bfc062723c751e8b465ee728b)  -> (artifact id: 'ed9229401c4bed0d6381bd024b9b90f8') in 0.017945 seconds 
========================================================================
Received Import Request.
  Time since last request: 0.000037 seconds.
  path: Assets/Coral & White simple UI/TEXT/sound effect.png
  artifactKey: Guid(f19266cc1f9dea741b99debfdd4697c3) Importer(815301076,1909f56bfc062723c751e8b465ee728b)
Start importing Assets/Coral & White simple UI/TEXT/sound effect.png using Guid(f19266cc1f9dea741b99debfdd4697c3) Importer(815301076,1909f56bfc062723c751e8b465ee728b)  -> (artifact id: '93309ada6ad49ef4cb03e0cf7b9eb31f') in 0.025550 seconds 
========================================================================
Received Import Request.
  Time since last request: 0.000038 seconds.
  path: Assets/Coral & White simple UI/TEXT/nickname.png
  artifactKey: Guid(4519b5d42f118df449522bef3bf63873) Importer(815301076,1909f56bfc062723c751e8b465ee728b)
Start importing Assets/Coral & White simple UI/TEXT/nickname.png using Guid(4519b5d42f118df449522bef3bf63873) Importer(815301076,1909f56bfc062723c751e8b465ee728b)  -> (artifact id: 'c9b20b5322f0be29490cc8ac4f83ede5') in 0.024599 seconds 
========================================================================
Received Import Request.
  Time since last request: 0.000059 seconds.
  path: Assets/Coral & White simple UI/TEXT/cord.png
  artifactKey: Guid(baeb158351a31e94c8476df25b880b73) Importer(815301076,1909f56bfc062723c751e8b465ee728b)
Start importing Assets/Coral & White simple UI/TEXT/cord.png using Guid(baeb158351a31e94c8476df25b880b73) Importer(815301076,1909f56bfc062723c751e8b465ee728b)  -> (artifact id: 'e724238ff1191d7b2b8da0e22fd6a69c') in 0.018159 seconds 
Editor requested this worker to shutdown with reason: Scaling down because of idle timeout
AssetImportWorker is now disconnected from the server
Process exiting
Exiting without the bug reporter. Application will terminate with return code 0