Using pre-set license
Built from 'HEAD' branch; Version is '2021.3.12f1c2 (ffeb050254a0) revision 16771845'; Using compiler version '192829333'; Build Type 'Release'
OS: 'Windows 11  (10.0.22000) 64bit Professional' Language: 'zh' Physical Memory: 16145 MB
BatchMode: 1, IsHumanControllingUs: 0, StartBugReporterOnCrash: 0, Is64bit: 1, IsPro: 1

COMMAND LINE ARGUMENTS:
C:\Program Files\Unity\Hub\Editor\2021.3.12f1c2\Editor\Unity.exe
-adb2
-batchMode
-noUpm
-name
AssetImportWorker5
-projectPath
D:/游戏设计/大作业/Final-Boss
-logFile
Logs/AssetImportWorker5.log
-srvPort
54232
Successfully changed project path to: D:/游戏设计/大作业/Final-Boss
D:/游戏设计/大作业/Final-Boss
[UnityMemory] Configuration Parameters - Can be set up in boot.config
    "memorysetup-bucket-allocator-granularity=16"
    "memorysetup-bucket-allocator-bucket-count=8"
    "memorysetup-bucket-allocator-block-size=33554432"
    "memorysetup-bucket-allocator-block-count=8"
    "memorysetup-main-allocator-block-size=16777216"
    "memorysetup-thread-allocator-block-size=16777216"
    "memorysetup-gfx-main-allocator-block-size=16777216"
    "memorysetup-gfx-thread-allocator-block-size=16777216"
    "memorysetup-cache-allocator-block-size=4194304"
    "memorysetup-typetree-allocator-block-size=2097152"
    "memorysetup-profiler-bucket-allocator-granularity=16"
    "memorysetup-profiler-bucket-allocator-bucket-count=8"
    "memorysetup-profiler-bucket-allocator-block-size=33554432"
    "memorysetup-profiler-bucket-allocator-block-count=8"
    "memorysetup-profiler-allocator-block-size=16777216"
    "memorysetup-profiler-editor-allocator-block-size=1048576"
    "memorysetup-temp-allocator-size-main=16777216"
    "memorysetup-job-temp-allocator-block-size=2097152"
    "memorysetup-job-temp-allocator-block-size-background=1048576"
    "memorysetup-job-temp-allocator-reduction-small-platforms=262144"
    "memorysetup-temp-allocator-size-background-worker=32768"
    "memorysetup-temp-allocator-size-job-worker=262144"
    "memorysetup-temp-allocator-size-preload-manager=33554432"
    "memorysetup-temp-allocator-size-nav-mesh-worker=65536"
    "memorysetup-temp-allocator-size-audio-worker=65536"
    "memorysetup-temp-allocator-size-cloud-worker=32768"
    "memorysetup-temp-allocator-size-gi-baking-worker=262144"
    "memorysetup-temp-allocator-size-gfx=262144"
AS: AutoStreaming module initializing.
Refreshing native plugins compatible for Editor in 197.35 ms, found 3 plugins.
Preloading 0 native plugins for Editor in 0.00 ms.
Initialize engine version: 2021.3.12f1c2 (ffeb050254a0)
[Subsystems] Discovering subsystems at path C:/Program Files/Unity/Hub/Editor/2021.3.12f1c2/Editor/Data/Resources/UnitySubsystems
[Subsystems] Discovering subsystems at path D:/游戏设计/大作业/Final-Boss/Assets
GfxDevice: creating device client; threaded=0; jobified=0
Direct3D:
    Version:  Direct3D 11.0 [level 11.1]
    Renderer: Intel(R) UHD Graphics (ID=0x9bc4)
    Vendor:   Intel
    VRAM:     8072 MB
    Driver:   27.20.100.9664
Initialize mono
Mono path[0] = 'C:/Program Files/Unity/Hub/Editor/2021.3.12f1c2/Editor/Data/Managed'
Mono path[1] = 'C:/Program Files/Unity/Hub/Editor/2021.3.12f1c2/Editor/Data/MonoBleedingEdge/lib/mono/unityjit-win32'
Mono config path = 'C:/Program Files/Unity/Hub/Editor/2021.3.12f1c2/Editor/Data/MonoBleedingEdge/etc'
Using monoOptions --debugger-agent=transport=dt_socket,embedding=1,server=y,suspend=n,address=127.0.0.1:56060
Begin MonoManager ReloadAssembly
Registering precompiled unity dll's ...
Register platform support module: C:/Program Files/Unity/Hub/Editor/2021.3.12f1c2/Editor/Data/PlaybackEngines/WindowsStandaloneSupport/UnityEditor.WindowsStandalone.Extensions.dll
Registered in 0.017748 seconds.
Native extension for WindowsStandalone target not found
Refreshing native plugins compatible for Editor in 126.90 ms, found 3 plugins.
Preloading 0 native plugins for Editor in 0.00 ms.
Mono: successfully reloaded assembly
- Completed reload, in  1.057 seconds
Domain Reload Profiling:
	ReloadAssembly (1058ms)
		BeginReloadAssembly (127ms)
			ExecutionOrderSort (0ms)
			DisableScriptedObjects (0ms)
			BackupInstance (0ms)
			ReleaseScriptingObjects (0ms)
			CreateAndSetChildDomain (1ms)
		EndReloadAssembly (703ms)
			LoadAssemblies (118ms)
			RebuildTransferFunctionScriptingTraits (0ms)
			SetupTypeCache (160ms)
			ReleaseScriptCaches (0ms)
			RebuildScriptCaches (55ms)
			SetupLoadedEditorAssemblies (390ms)
				LogAssemblyErrors (0ms)
				InitializePlatformSupportModulesInManaged (14ms)
				SetLoadedEditorAssemblies (0ms)
				RefreshPlugins (127ms)
				BeforeProcessingInitializeOnLoad (2ms)
				ProcessInitializeOnLoadAttributes (187ms)
				ProcessInitializeOnLoadMethodAttributes (60ms)
				AfterProcessingInitializeOnLoad (0ms)
				EditorAssembliesLoaded (0ms)
			ExecutionOrderSort2 (0ms)
			AwakeInstancesAfterBackupRestoration (0ms)
Platform modules already initialized, skipping
Registering precompiled user dll's ...
Registered in 0.010997 seconds.
Begin MonoManager ReloadAssembly
Symbol file LoadedFromMemory doesn't match image D:\游戏设计\大作业\Final-Boss\Library\PackageCache\com.unity.visualscripting@1.7.8\Editor\VisualScripting.Core\Dependencies\YamlDotNet\Unity.VisualScripting.YamlDotNet.dll
Symbol file LoadedFromMemory doesn't match image D:\游戏设计\大作业\Final-Boss\Library\PackageCache\com.unity.visualscripting@1.7.8\Editor\VisualScripting.Core\Dependencies\DotNetZip\Unity.VisualScripting.IonicZip.dll
Native extension for WindowsStandalone target not found
Refreshing native plugins compatible for Editor in 1.00 ms, found 3 plugins.
Preloading 0 native plugins for Editor in 0.00 ms.
Mono: successfully reloaded assembly
- Completed reload, in  1.911 seconds
Domain Reload Profiling:
	ReloadAssembly (1912ms)
		BeginReloadAssembly (191ms)
			ExecutionOrderSort (0ms)
			DisableScriptedObjects (10ms)
			BackupInstance (0ms)
			ReleaseScriptingObjects (0ms)
			CreateAndSetChildDomain (38ms)
		EndReloadAssembly (1498ms)
			LoadAssemblies (151ms)
			RebuildTransferFunctionScriptingTraits (0ms)
			SetupTypeCache (482ms)
			ReleaseScriptCaches (1ms)
			RebuildScriptCaches (94ms)
			SetupLoadedEditorAssemblies (678ms)
				LogAssemblyErrors (0ms)
				InitializePlatformSupportModulesInManaged (9ms)
				SetLoadedEditorAssemblies (1ms)
				RefreshPlugins (1ms)
				BeforeProcessingInitializeOnLoad (148ms)
				ProcessInitializeOnLoadAttributes (436ms)
				ProcessInitializeOnLoadMethodAttributes (54ms)
				AfterProcessingInitializeOnLoad (28ms)
				EditorAssembliesLoaded (0ms)
			ExecutionOrderSort2 (0ms)
			AwakeInstancesAfterBackupRestoration (21ms)
Platform modules already initialized, skipping
========================================================================
Worker process is ready to serve import requests
Shader 'SimpleURPToonLitExample(With Outline)': fallback shader 'Hidden/Universal Render Pipeline/FallbackError' not found
Shader 'SimpleURPToonLitExample(With Outline)': fallback shader 'Hidden/Universal Render Pipeline/FallbackError' not found
Launched and connected shader compiler UnityShaderCompiler.exe after 0.11 seconds
Refreshing native plugins compatible for Editor in 0.99 ms, found 3 plugins.
Preloading 0 native plugins for Editor in 0.00 ms.
Unloading 3392 Unused Serialized files (Serialized files now loaded: 0)
Unloading 30 unused Assets / (0.5 MB). Loaded Objects now: 3870.
Memory consumption went from 210.0 MB to 209.5 MB.
Total: 6.859000 ms (FindLiveObjects: 0.360600 ms CreateObjectMapping: 0.353900 ms MarkObjects: 5.403700 ms  DeleteObjects: 0.738300 ms)

AssetImportParameters requested are different than current active one (requested -> active):
  custom:video-decoder-ogg-theora: a1e56fd34408186e4bbccfd4996cb3dc -> 
  custom:container-muxer-webm: aa71ff27fc2769a1b78a27578f13a17b -> 
  custom:container-demuxer-webm: 4f35f7cbe854078d1ac9338744f61a02 -> 
  custom:video-encoder-webm-vp8: eb34c28f22e8b96e1ab97ce403110664 -> 
  custom:audio-encoder-webm-vorbis: bf7c407c2cedff20999df2af8eb42d56 -> 
  custom:framework-win-MediaFoundation: 216162199b28c13a410421893ffa2e32 -> 
  custom:container-demuxer-ogg: 62fdf1f143b41e24485cea50d1cbac27 -> 
  custom:video-decoder-webm-vp8: 9c59270c3fd7afecdb556c50c9e8de78 -> 
  custom:audio-decoder-ogg-vorbis: bf7c407c2cedff20999df2af8eb42d56 -> 
========================================================================
Received Import Request.
  Time since last request: 14833.494086 seconds.
  path: Assets/Cute-GUI-Pack-Lite/PNG/04_07_minigame_balloon/ingame_icon_balloon_pink.png
  artifactKey: Guid(152ce4cb0b09cbe45ad2e5ca91dc0c82) Importer(815301076,1909f56bfc062723c751e8b465ee728b)
Start importing Assets/Cute-GUI-Pack-Lite/PNG/04_07_minigame_balloon/ingame_icon_balloon_pink.png using Guid(152ce4cb0b09cbe45ad2e5ca91dc0c82) Importer(815301076,1909f56bfc062723c751e8b465ee728b)  -> (artifact id: 'dc2bdf6682e1b88d89f4a7900a762ddc') in 0.262140 seconds 
========================================================================
Received Import Request.
  Time since last request: 0.000040 seconds.
  path: Assets/Cute-GUI-Pack-Lite/PNG/04_07_minigame_balloon/ingame_icon_balloon_score.png
  artifactKey: Guid(3eabdd727d20e8a45b4f426ffb698a75) Importer(815301076,1909f56bfc062723c751e8b465ee728b)
Start importing Assets/Cute-GUI-Pack-Lite/PNG/04_07_minigame_balloon/ingame_icon_balloon_score.png using Guid(3eabdd727d20e8a45b4f426ffb698a75) Importer(815301076,1909f56bfc062723c751e8b465ee728b)  -> (artifact id: '304bece078197e2955180274a456f5a4') in 0.035430 seconds 
========================================================================
Received Import Request.
  Time since last request: 0.000038 seconds.
  path: Assets/Cute-GUI-Pack-Lite/PNG/04_07_minigame_balloon/ingame_obj_tree_04.png
  artifactKey: Guid(838f13e453bf18645abcf57bb2301793) Importer(815301076,1909f56bfc062723c751e8b465ee728b)
Start importing Assets/Cute-GUI-Pack-Lite/PNG/04_07_minigame_balloon/ingame_obj_tree_04.png using Guid(838f13e453bf18645abcf57bb2301793) Importer(815301076,1909f56bfc062723c751e8b465ee728b)  -> (artifact id: '9940647ed5c6ed3f0c795e681d1542cb') in 0.128678 seconds 
========================================================================
Received Import Request.
  Time since last request: 4.232797 seconds.
  path: Assets/Cute-GUI-Pack-Lite/PNG/18_roulette/01/bg_02.png
  artifactKey: Guid(3dc0b757d3cc0354f8119c36abb6d087) Importer(815301076,1909f56bfc062723c751e8b465ee728b)
Start importing Assets/Cute-GUI-Pack-Lite/PNG/18_roulette/01/bg_02.png using Guid(3dc0b757d3cc0354f8119c36abb6d087) Importer(815301076,1909f56bfc062723c751e8b465ee728b)  -> (artifact id: 'd6c7cacd3a79ddc17a90b40edf924677') in 0.051600 seconds 
========================================================================
Received Import Request.
  Time since last request: 0.000084 seconds.
  path: Assets/Cute-GUI-Pack-Lite/PNG/18_roulette/01/Gacha_bg_star_2.png
  artifactKey: Guid(b31a52a71c77ba4408d74e6cfff367f4) Importer(815301076,1909f56bfc062723c751e8b465ee728b)
Start importing Assets/Cute-GUI-Pack-Lite/PNG/18_roulette/01/Gacha_bg_star_2.png using Guid(b31a52a71c77ba4408d74e6cfff367f4) Importer(815301076,1909f56bfc062723c751e8b465ee728b)  -> (artifact id: '93a0650a06bb2a66aa464fc1f2cf0c18') in 0.091433 seconds 
========================================================================
Received Import Request.
  Time since last request: 0.000039 seconds.
  path: Assets/Cute-GUI-Pack-Lite/PNG/18_roulette/01/main_top_icon.png
  artifactKey: Guid(f912407bc3acc42409a81cfe953aa9aa) Importer(815301076,1909f56bfc062723c751e8b465ee728b)
Start importing Assets/Cute-GUI-Pack-Lite/PNG/18_roulette/01/main_top_icon.png using Guid(f912407bc3acc42409a81cfe953aa9aa) Importer(815301076,1909f56bfc062723c751e8b465ee728b)  -> (artifact id: '3d8c73bacfeba09bc0d64aa4c25d775a') in 0.047712 seconds 
========================================================================
Received Import Request.
  Time since last request: 0.000045 seconds.
  path: Assets/Cute-GUI-Pack-Lite/PNG/18_roulette/01/ui_icon_play.png
  artifactKey: Guid(d620ef6329234424c9373799d6b4937c) Importer(815301076,1909f56bfc062723c751e8b465ee728b)
Start importing Assets/Cute-GUI-Pack-Lite/PNG/18_roulette/01/ui_icon_play.png using Guid(d620ef6329234424c9373799d6b4937c) Importer(815301076,1909f56bfc062723c751e8b465ee728b)  -> (artifact id: '39374901ae2737c9fe2fc81c1097673c') in 0.031038 seconds 
========================================================================
Received Import Request.
  Time since last request: 0.000041 seconds.
  path: Assets/Cute-GUI-Pack-Lite/PNG/18_roulette/01/shop_inventory_object_02.png
  artifactKey: Guid(a1358eb7276b2ed46a830cb14edcba3b) Importer(815301076,1909f56bfc062723c751e8b465ee728b)
Start importing Assets/Cute-GUI-Pack-Lite/PNG/18_roulette/01/shop_inventory_object_02.png using Guid(a1358eb7276b2ed46a830cb14edcba3b) Importer(815301076,1909f56bfc062723c751e8b465ee728b)  -> (artifact id: 'f6432857509695ecc992f7faa53f7159') in 0.080891 seconds 
========================================================================
Received Import Request.
  Time since last request: 7.236265 seconds.
  path: Assets/Cute-GUI-Pack-Lite/PNG/18_roulette/02/shop_inventory_icon_02.png
  artifactKey: Guid(a0dd545cb7a15ad48b181678149d8147) Importer(815301076,1909f56bfc062723c751e8b465ee728b)
Start importing Assets/Cute-GUI-Pack-Lite/PNG/18_roulette/02/shop_inventory_icon_02.png using Guid(a0dd545cb7a15ad48b181678149d8147) Importer(815301076,1909f56bfc062723c751e8b465ee728b)  -> (artifact id: '90c35ef2599bf4057cdf9c13174b8fb5') in 0.048753 seconds 
========================================================================
Received Import Request.
  Time since last request: 0.000040 seconds.
  path: Assets/Cute-GUI-Pack-Lite/PNG/18_roulette/02/tutorial_hand.png
  artifactKey: Guid(3ad050bbbc17b5542ab49933377a92ea) Importer(815301076,1909f56bfc062723c751e8b465ee728b)
Start importing Assets/Cute-GUI-Pack-Lite/PNG/18_roulette/02/tutorial_hand.png using Guid(3ad050bbbc17b5542ab49933377a92ea) Importer(815301076,1909f56bfc062723c751e8b465ee728b)  -> (artifact id: 'e4f329ff73b0405da36be69629cdfc57') in 0.033815 seconds 
Editor requested this worker to shutdown with reason: Scaling down because of idle timeout
AssetImportWorker is now disconnected from the server
Process exiting
Exiting without the bug reporter. Application will terminate with return code 0