Using pre-set license
Built from 'HEAD' branch; Version is '2021.3.12f1c2 (ffeb050254a0) revision 16771845'; Using compiler version '192829333'; Build Type 'Release'
OS: 'Windows 11  (10.0.22000) 64bit Professional' Language: 'zh' Physical Memory: 16145 MB
BatchMode: 1, IsHumanControllingUs: 0, StartBugReporterOnCrash: 0, Is64bit: 1, IsPro: 1

COMMAND LINE ARGUMENTS:
C:\Program Files\Unity\Hub\Editor\2021.3.12f1c2\Editor\Unity.exe
-adb2
-batchMode
-noUpm
-name
AssetImportWorker12
-projectPath
D:/游戏设计/大作业/Final-Boss
-logFile
Logs/AssetImportWorker12.log
-srvPort
61944
Successfully changed project path to: D:/游戏设计/大作业/Final-Boss
D:/游戏设计/大作业/Final-Boss
[UnityMemory] Configuration Parameters - Can be set up in boot.config
    "memorysetup-bucket-allocator-granularity=16"
    "memorysetup-bucket-allocator-bucket-count=8"
    "memorysetup-bucket-allocator-block-size=33554432"
    "memorysetup-bucket-allocator-block-count=8"
    "memorysetup-main-allocator-block-size=16777216"
    "memorysetup-thread-allocator-block-size=16777216"
    "memorysetup-gfx-main-allocator-block-size=16777216"
    "memorysetup-gfx-thread-allocator-block-size=16777216"
    "memorysetup-cache-allocator-block-size=4194304"
    "memorysetup-typetree-allocator-block-size=2097152"
    "memorysetup-profiler-bucket-allocator-granularity=16"
    "memorysetup-profiler-bucket-allocator-bucket-count=8"
    "memorysetup-profiler-bucket-allocator-block-size=33554432"
    "memorysetup-profiler-bucket-allocator-block-count=8"
    "memorysetup-profiler-allocator-block-size=16777216"
    "memorysetup-profiler-editor-allocator-block-size=1048576"
    "memorysetup-temp-allocator-size-main=16777216"
    "memorysetup-job-temp-allocator-block-size=2097152"
    "memorysetup-job-temp-allocator-block-size-background=1048576"
    "memorysetup-job-temp-allocator-reduction-small-platforms=262144"
    "memorysetup-temp-allocator-size-background-worker=32768"
    "memorysetup-temp-allocator-size-job-worker=262144"
    "memorysetup-temp-allocator-size-preload-manager=33554432"
    "memorysetup-temp-allocator-size-nav-mesh-worker=65536"
    "memorysetup-temp-allocator-size-audio-worker=65536"
    "memorysetup-temp-allocator-size-cloud-worker=32768"
    "memorysetup-temp-allocator-size-gi-baking-worker=262144"
    "memorysetup-temp-allocator-size-gfx=262144"
AS: AutoStreaming module initializing.
Refreshing native plugins compatible for Editor in 97.33 ms, found 3 plugins.
Preloading 0 native plugins for Editor in 0.00 ms.
Initialize engine version: 2021.3.12f1c2 (ffeb050254a0)
[Subsystems] Discovering subsystems at path C:/Program Files/Unity/Hub/Editor/2021.3.12f1c2/Editor/Data/Resources/UnitySubsystems
[Subsystems] Discovering subsystems at path D:/游戏设计/大作业/Final-Boss/Assets
GfxDevice: creating device client; threaded=0; jobified=0
Direct3D:
    Version:  Direct3D 11.0 [level 11.1]
    Renderer: NVIDIA GeForce GTX 1650 (ID=0x1f99)
    Vendor:   NVIDIA
    VRAM:     3962 MB
    Driver:   30.0.15.1272
Initialize mono
Mono path[0] = 'C:/Program Files/Unity/Hub/Editor/2021.3.12f1c2/Editor/Data/Managed'
Mono path[1] = 'C:/Program Files/Unity/Hub/Editor/2021.3.12f1c2/Editor/Data/MonoBleedingEdge/lib/mono/unityjit-win32'
Mono config path = 'C:/Program Files/Unity/Hub/Editor/2021.3.12f1c2/Editor/Data/MonoBleedingEdge/etc'
Using monoOptions --debugger-agent=transport=dt_socket,embedding=1,server=y,suspend=n,address=127.0.0.1:56100
Begin MonoManager ReloadAssembly
Registering precompiled unity dll's ...
Register platform support module: C:/Program Files/Unity/Hub/Editor/2021.3.12f1c2/Editor/Data/PlaybackEngines/WindowsStandaloneSupport/UnityEditor.WindowsStandalone.Extensions.dll
Registered in 0.007736 seconds.
Native extension for WindowsStandalone target not found
Refreshing native plugins compatible for Editor in 97.38 ms, found 3 plugins.
Preloading 0 native plugins for Editor in 0.00 ms.
Mono: successfully reloaded assembly
- Completed reload, in  0.706 seconds
Domain Reload Profiling:
	ReloadAssembly (707ms)
		BeginReloadAssembly (98ms)
			ExecutionOrderSort (0ms)
			DisableScriptedObjects (0ms)
			BackupInstance (0ms)
			ReleaseScriptingObjects (0ms)
			CreateAndSetChildDomain (1ms)
		EndReloadAssembly (480ms)
			LoadAssemblies (92ms)
			RebuildTransferFunctionScriptingTraits (0ms)
			SetupTypeCache (112ms)
			ReleaseScriptCaches (0ms)
			RebuildScriptCaches (30ms)
			SetupLoadedEditorAssemblies (283ms)
				LogAssemblyErrors (0ms)
				InitializePlatformSupportModulesInManaged (8ms)
				SetLoadedEditorAssemblies (0ms)
				RefreshPlugins (97ms)
				BeforeProcessingInitializeOnLoad (1ms)
				ProcessInitializeOnLoadAttributes (127ms)
				ProcessInitializeOnLoadMethodAttributes (48ms)
				AfterProcessingInitializeOnLoad (0ms)
				EditorAssembliesLoaded (0ms)
			ExecutionOrderSort2 (0ms)
			AwakeInstancesAfterBackupRestoration (0ms)
Platform modules already initialized, skipping
Registering precompiled user dll's ...
Registered in 0.011212 seconds.
Begin MonoManager ReloadAssembly
Symbol file LoadedFromMemory doesn't match image D:\游戏设计\大作业\Final-Boss\Library\PackageCache\com.unity.visualscripting@1.7.8\Editor\VisualScripting.Core\Dependencies\YamlDotNet\Unity.VisualScripting.YamlDotNet.dll
Symbol file LoadedFromMemory doesn't match image D:\游戏设计\大作业\Final-Boss\Library\PackageCache\com.unity.visualscripting@1.7.8\Editor\VisualScripting.Core\Dependencies\DotNetZip\Unity.VisualScripting.IonicZip.dll
Native extension for WindowsStandalone target not found
Refreshing native plugins compatible for Editor in 0.64 ms, found 3 plugins.
Preloading 0 native plugins for Editor in 0.00 ms.
Mono: successfully reloaded assembly
- Completed reload, in  1.084 seconds
Domain Reload Profiling:
	ReloadAssembly (1085ms)
		BeginReloadAssembly (117ms)
			ExecutionOrderSort (0ms)
			DisableScriptedObjects (6ms)
			BackupInstance (0ms)
			ReleaseScriptingObjects (0ms)
			CreateAndSetChildDomain (20ms)
		EndReloadAssembly (843ms)
			LoadAssemblies (86ms)
			RebuildTransferFunctionScriptingTraits (0ms)
			SetupTypeCache (277ms)
			ReleaseScriptCaches (1ms)
			RebuildScriptCaches (53ms)
			SetupLoadedEditorAssemblies (376ms)
				LogAssemblyErrors (0ms)
				InitializePlatformSupportModulesInManaged (6ms)
				SetLoadedEditorAssemblies (0ms)
				RefreshPlugins (1ms)
				BeforeProcessingInitializeOnLoad (85ms)
				ProcessInitializeOnLoadAttributes (238ms)
				ProcessInitializeOnLoadMethodAttributes (32ms)
				AfterProcessingInitializeOnLoad (14ms)
				EditorAssembliesLoaded (0ms)
			ExecutionOrderSort2 (0ms)
			AwakeInstancesAfterBackupRestoration (9ms)
Platform modules already initialized, skipping
========================================================================
Worker process is ready to serve import requests
Shader 'SimpleURPToonLitExample(With Outline)': fallback shader 'Hidden/Universal Render Pipeline/FallbackError' not found
Shader 'SimpleURPToonLitExample(With Outline)': fallback shader 'Hidden/Universal Render Pipeline/FallbackError' not found
Launched and connected shader compiler UnityShaderCompiler.exe after 0.05 seconds
Refreshing native plugins compatible for Editor in 0.64 ms, found 3 plugins.
Preloading 0 native plugins for Editor in 0.00 ms.
Unloading 3473 Unused Serialized files (Serialized files now loaded: 0)
Unloading 26 unused Assets / (323.0 KB). Loaded Objects now: 3960.
Memory consumption went from 215.1 MB to 214.8 MB.
Total: 3.090000 ms (FindLiveObjects: 0.354300 ms CreateObjectMapping: 0.216900 ms MarkObjects: 2.340200 ms  DeleteObjects: 0.177800 ms)

AssetImportParameters requested are different than current active one (requested -> active):
  custom:video-decoder-ogg-theora: a1e56fd34408186e4bbccfd4996cb3dc -> 
  custom:container-muxer-webm: aa71ff27fc2769a1b78a27578f13a17b -> 
  custom:container-demuxer-webm: 4f35f7cbe854078d1ac9338744f61a02 -> 
  custom:video-encoder-webm-vp8: eb34c28f22e8b96e1ab97ce403110664 -> 
  custom:audio-encoder-webm-vorbis: bf7c407c2cedff20999df2af8eb42d56 -> 
  custom:framework-win-MediaFoundation: 216162199b28c13a410421893ffa2e32 -> 
  custom:container-demuxer-ogg: 62fdf1f143b41e24485cea50d1cbac27 -> 
  custom:video-decoder-webm-vp8: 9c59270c3fd7afecdb556c50c9e8de78 -> 
  custom:audio-decoder-ogg-vorbis: bf7c407c2cedff20999df2af8eb42d56 -> 
========================================================================
Received Import Request.
  Time since last request: 172855.967485 seconds.
  path: Assets/Suriyun/Farmer Girl SD/Materials/Skin&Hair&Face/Hair08_v2.mat
  artifactKey: Guid(432522da1b6339246ac822b5b00480e1) Importer(815301076,1909f56bfc062723c751e8b465ee728b)
Start importing Assets/Suriyun/Farmer Girl SD/Materials/Skin&Hair&Face/Hair08_v2.mat using Guid(432522da1b6339246ac822b5b00480e1) Importer(815301076,1909f56bfc062723c751e8b465ee728b)  -> (artifact id: '7abf3485d76865aed327d543756257b0') in 0.179013 seconds 
========================================================================
Received Import Request.
  Time since last request: 0.229212 seconds.
  path: Assets/Resources/Font/10912794_hhh.asset
  artifactKey: Guid(8c7e4884e05257c46952f9189cf4bf13) Importer(815301076,1909f56bfc062723c751e8b465ee728b)
Start importing Assets/Resources/Font/10912794_hhh.asset using Guid(8c7e4884e05257c46952f9189cf4bf13) Importer(815301076,1909f56bfc062723c751e8b465ee728b)  -> (artifact id: '367e24f0b2f3d2cf930b648dc409c03a') in 0.186156 seconds 
========================================================================
Received Import Request.
  Time since last request: 0.379868 seconds.
  path: Assets/Resources/Create/crop/Cartoon_Farm_Crops/Materials/Pumpkin_Plant.mat
  artifactKey: Guid(0273778534c5ff64ead5f799219ca127) Importer(815301076,1909f56bfc062723c751e8b465ee728b)
Start importing Assets/Resources/Create/crop/Cartoon_Farm_Crops/Materials/Pumpkin_Plant.mat using Guid(0273778534c5ff64ead5f799219ca127) Importer(815301076,1909f56bfc062723c751e8b465ee728b)  -> (artifact id: '23b2068367bcd93f7277170c4a752fe0') in 0.030603 seconds 
========================================================================
Received Import Request.
  Time since last request: 0.000054 seconds.
  path: Assets/Kawaii Slimes/Materials/Slime 2/Slime2.mat
  artifactKey: Guid(c0fa344633747f9439041f9b0cc322de) Importer(815301076,1909f56bfc062723c751e8b465ee728b)
Start importing Assets/Kawaii Slimes/Materials/Slime 2/Slime2.mat using Guid(c0fa344633747f9439041f9b0cc322de) Importer(815301076,1909f56bfc062723c751e8b465ee728b)  -> (artifact id: 'e972901a3ee1285e16e3bfb008b3876e') in 0.014771 seconds 
========================================================================
Received Import Request.
  Time since last request: 0.000044 seconds.
  path: Assets/Prefabs/shop/Materials/sign 1.mat
  artifactKey: Guid(e5ca9cac7cd1b8b4eb5c40ad180f5fba) Importer(815301076,1909f56bfc062723c751e8b465ee728b)
Start importing Assets/Prefabs/shop/Materials/sign 1.mat using Guid(e5ca9cac7cd1b8b4eb5c40ad180f5fba) Importer(815301076,1909f56bfc062723c751e8b465ee728b)  -> (artifact id: '130e90d8d130dfab125e2044f6c58361') in 0.010598 seconds 
========================================================================
Received Import Request.
  Time since last request: 1.713321 seconds.
  path: Assets/Environment/SimplePoly Farm.FBX/Models/Farm/Props/SPW_Farm_Fence_03.fbx
  artifactKey: Guid(319c068de0675bb4f8337b18cf824a3d) Importer(815301076,1909f56bfc062723c751e8b465ee728b)
Start importing Assets/Environment/SimplePoly Farm.FBX/Models/Farm/Props/SPW_Farm_Fence_03.fbx using Guid(319c068de0675bb4f8337b18cf824a3d) Importer(815301076,1909f56bfc062723c751e8b465ee728b)  -> (artifact id: 'bc01efac3ee7d88ef87f4774952d4778') in 0.062921 seconds 
========================================================================
Received Import Request.
  Time since last request: 0.118742 seconds.
  path: Assets/Environment/SimplePoly Farm.FBX/Models/Farm/Crop Field/SPW_Farm_Crop_Sunflower_Level03.fbx
  artifactKey: Guid(cad034cb168ae21479f4d46be2a21817) Importer(815301076,1909f56bfc062723c751e8b465ee728b)
Start importing Assets/Environment/SimplePoly Farm.FBX/Models/Farm/Crop Field/SPW_Farm_Crop_Sunflower_Level03.fbx using Guid(cad034cb168ae21479f4d46be2a21817) Importer(815301076,1909f56bfc062723c751e8b465ee728b)  -> (artifact id: '80947f03904b40ebe0855fb98e69ab61') in 0.023241 seconds 
========================================================================
Received Import Request.
  Time since last request: 0.000028 seconds.
  path: Assets/Environment/SimplePoly Farm.FBX/Models/Farm/Crop Field/SPW_Farm_Crop_Wheat.fbx
  artifactKey: Guid(21e34ae6c0fd13a43a3b8e7b4a799455) Importer(815301076,1909f56bfc062723c751e8b465ee728b)
Start importing Assets/Environment/SimplePoly Farm.FBX/Models/Farm/Crop Field/SPW_Farm_Crop_Wheat.fbx using Guid(21e34ae6c0fd13a43a3b8e7b4a799455) Importer(815301076,1909f56bfc062723c751e8b465ee728b)  -> (artifact id: '078845c75594a14b5a772d49c7aab17c') in 0.027619 seconds 
========================================================================
Received Import Request.
  Time since last request: 0.000025 seconds.
  path: Assets/Environment/SimplePoly Farm.FBX/Models/Farm/Crop Field/SPW_Farm_Orange Tree_01.fbx
  artifactKey: Guid(95420b76fc6032540b961acd4f79e965) Importer(815301076,1909f56bfc062723c751e8b465ee728b)
Start importing Assets/Environment/SimplePoly Farm.FBX/Models/Farm/Crop Field/SPW_Farm_Orange Tree_01.fbx using Guid(95420b76fc6032540b961acd4f79e965) Importer(815301076,1909f56bfc062723c751e8b465ee728b)  -> (artifact id: '39402e9cc946566dfdf314dd9dbda9cc') in 0.023055 seconds 
========================================================================
Received Import Request.
  Time since last request: 1.436121 seconds.
  path: Assets/Environment/SimplePoly Farm.FBX/Models/Farm/Crop Field/SPW_Farm_Flower.fbx
  artifactKey: Guid(701409e96d1831a4aa6a3b4179f198d5) Importer(815301076,1909f56bfc062723c751e8b465ee728b)
Start importing Assets/Environment/SimplePoly Farm.FBX/Models/Farm/Crop Field/SPW_Farm_Flower.fbx using Guid(701409e96d1831a4aa6a3b4179f198d5) Importer(815301076,1909f56bfc062723c751e8b465ee728b)  -> (artifact id: '737ad344b8a1f178117d7f0587ab2124') in 0.047230 seconds 
========================================================================
Received Import Request.
  Time since last request: 0.000042 seconds.
  path: Assets/Environment/SimplePoly Farm.FBX/Models/Natures/Stone/SPW_Natures_Stone_02.fbx
  artifactKey: Guid(0a2dd2e9baf8d1f46af777f83c33ee12) Importer(815301076,1909f56bfc062723c751e8b465ee728b)
Start importing Assets/Environment/SimplePoly Farm.FBX/Models/Natures/Stone/SPW_Natures_Stone_02.fbx using Guid(0a2dd2e9baf8d1f46af777f83c33ee12) Importer(815301076,1909f56bfc062723c751e8b465ee728b)  -> (artifact id: '4630a78b133df5df5fa2bc36b8443fee') in 0.056666 seconds 
========================================================================
Received Import Request.
  Time since last request: 0.000049 seconds.
  path: Assets/Environment/SimplePoly Farm.FBX/Models/Natures/Tree/SPW_Natures_Bush_01.fbx
  artifactKey: Guid(0241dc10994259e4d959e9b683a606e2) Importer(815301076,1909f56bfc062723c751e8b465ee728b)
Start importing Assets/Environment/SimplePoly Farm.FBX/Models/Natures/Tree/SPW_Natures_Bush_01.fbx using Guid(0241dc10994259e4d959e9b683a606e2) Importer(815301076,1909f56bfc062723c751e8b465ee728b)  -> (artifact id: '5472a06ee089c28b171f897527af4b88') in 0.054564 seconds 
========================================================================
Received Import Request.
  Time since last request: 0.038656 seconds.
  path: Assets/Environment/SimplePoly Farm.FBX/Models/Natures/Tree/SPW_Natures_Tree_Dead_01.fbx
  artifactKey: Guid(dbad74e3a2e897842875880018c1e9a8) Importer(815301076,1909f56bfc062723c751e8b465ee728b)
Start importing Assets/Environment/SimplePoly Farm.FBX/Models/Natures/Tree/SPW_Natures_Tree_Dead_01.fbx using Guid(dbad74e3a2e897842875880018c1e9a8) Importer(815301076,1909f56bfc062723c751e8b465ee728b)  -> (artifact id: 'bc352b880e8110e0fb4871e56f08ede3') in 0.033083 seconds 
========================================================================
Received Import Request.
  Time since last request: 0.000030 seconds.
  path: Assets/Environment/SimplePoly Farm.FBX/Models/Natures/Tree/SPW_Natures_Tree_Palm_01.fbx
  artifactKey: Guid(b9dd8adadf5dfd74cb6f4fa11b0d9e82) Importer(815301076,1909f56bfc062723c751e8b465ee728b)
Start importing Assets/Environment/SimplePoly Farm.FBX/Models/Natures/Tree/SPW_Natures_Tree_Palm_01.fbx using Guid(b9dd8adadf5dfd74cb6f4fa11b0d9e82) Importer(815301076,1909f56bfc062723c751e8b465ee728b)  -> (artifact id: '0476925aa454f1d5a36333a3723e419b') in 0.045086 seconds 
========================================================================
Received Import Request.
  Time since last request: 0.000033 seconds.
  path: Assets/Environment/SimplePoly Farm.FBX/Models/Natures/Tree/SPW_Natures_Tree_Palm_02.fbx
  artifactKey: Guid(ea3b73d919f2505459a1c1f3f947657f) Importer(815301076,1909f56bfc062723c751e8b465ee728b)
Start importing Assets/Environment/SimplePoly Farm.FBX/Models/Natures/Tree/SPW_Natures_Tree_Palm_02.fbx using Guid(ea3b73d919f2505459a1c1f3f947657f) Importer(815301076,1909f56bfc062723c751e8b465ee728b)  -> (artifact id: '7a83c1e7105e2f0dc68096787b22fa24') in 0.020334 seconds 
========================================================================
Received Import Request.
  Time since last request: 0.631630 seconds.
  path: Assets/Environment/SimplePoly Farm.FBX/Models/Natures/Stone/SPW_Natures_Stone_06.fbx
  artifactKey: Guid(e1ea6b431f7f4c14ea42f00dc344efa8) Importer(815301076,1909f56bfc062723c751e8b465ee728b)
Start importing Assets/Environment/SimplePoly Farm.FBX/Models/Natures/Stone/SPW_Natures_Stone_06.fbx using Guid(e1ea6b431f7f4c14ea42f00dc344efa8) Importer(815301076,1909f56bfc062723c751e8b465ee728b)  -> (artifact id: '99e374fed2fd42d21b9756e888ad8042') in 0.017482 seconds 
========================================================================
Received Import Request.
  Time since last request: 0.000030 seconds.
  path: Assets/Environment/SimplePoly Farm.FBX/Models/Natures/Terrain/SPW_Terrain_River_Plan B_Down.fbx
  artifactKey: Guid(6910ed8e30c72de41b37e55301e51c7a) Importer(815301076,1909f56bfc062723c751e8b465ee728b)
Start importing Assets/Environment/SimplePoly Farm.FBX/Models/Natures/Terrain/SPW_Terrain_River_Plan B_Down.fbx using Guid(6910ed8e30c72de41b37e55301e51c7a) Importer(815301076,1909f56bfc062723c751e8b465ee728b)  -> (artifact id: 'f26237b157f715702039718aecc5ae83') in 0.020348 seconds 
========================================================================
Received Import Request.
  Time since last request: 0.000044 seconds.
  path: Assets/Environment/SimplePoly Farm.FBX/Models/Natures/Stone/SPW_Natures_Stone_12.fbx
  artifactKey: Guid(1d154e36872fafe4caeb6192445326f1) Importer(815301076,1909f56bfc062723c751e8b465ee728b)
Start importing Assets/Environment/SimplePoly Farm.FBX/Models/Natures/Stone/SPW_Natures_Stone_12.fbx using Guid(1d154e36872fafe4caeb6192445326f1) Importer(815301076,1909f56bfc062723c751e8b465ee728b)  -> (artifact id: 'd80261c4460ef2bc63b07cd0ca4aa5eb') in 0.023514 seconds 
========================================================================
Received Import Request.
  Time since last request: 0.343292 seconds.
  path: Assets/Environment/SimplePoly Farm.FBX/Models/Natures/Terrain/SPW_Terrain_Grass_Plan B_In_Corner.fbx
  artifactKey: Guid(62809fe8827f1de449d8a5d956f3e671) Importer(815301076,1909f56bfc062723c751e8b465ee728b)
Start importing Assets/Environment/SimplePoly Farm.FBX/Models/Natures/Terrain/SPW_Terrain_Grass_Plan B_In_Corner.fbx using Guid(62809fe8827f1de449d8a5d956f3e671) Importer(815301076,1909f56bfc062723c751e8b465ee728b)  -> (artifact id: '6c86a4d233317edf5f9e61024d458707') in 0.024706 seconds 
========================================================================
Received Import Request.
  Time since last request: 0.000018 seconds.
  path: Assets/Environment/SimplePoly Farm.FBX/Models/Natures/Terrain/SPW_Terrain_City River_Plan A_Down.fbx
  artifactKey: Guid(9a07d18aeab655e4cad5b305f6c66510) Importer(815301076,1909f56bfc062723c751e8b465ee728b)
Start importing Assets/Environment/SimplePoly Farm.FBX/Models/Natures/Terrain/SPW_Terrain_City River_Plan A_Down.fbx using Guid(9a07d18aeab655e4cad5b305f6c66510) Importer(815301076,1909f56bfc062723c751e8b465ee728b)  -> (artifact id: '5e194c5b565f9a4b0d768d3fd4150de0') in 0.023881 seconds 
========================================================================
Received Import Request.
  Time since last request: 0.000035 seconds.
  path: Assets/Environment/SimplePoly Farm.FBX/Models/Natures/Terrain/SPW_Terrain_Grass_Plan A_In_Corner.fbx
  artifactKey: Guid(e44085a612cab074b844e41dcb175258) Importer(815301076,1909f56bfc062723c751e8b465ee728b)
Start importing Assets/Environment/SimplePoly Farm.FBX/Models/Natures/Terrain/SPW_Terrain_Grass_Plan A_In_Corner.fbx using Guid(e44085a612cab074b844e41dcb175258) Importer(815301076,1909f56bfc062723c751e8b465ee728b)  -> (artifact id: 'fa28c63e11559feeb01d8477b29325bf') in 0.021698 seconds 
========================================================================
Received Import Request.
  Time since last request: 0.137728 seconds.
  path: Assets/Environment/SimplePoly Farm.FBX/Models/Natures/Terrain/SPW_Terrain_City River_Mid.fbx
  artifactKey: Guid(ece772c4c2e96a44ca2354be1968d1b5) Importer(815301076,1909f56bfc062723c751e8b465ee728b)
Start importing Assets/Environment/SimplePoly Farm.FBX/Models/Natures/Terrain/SPW_Terrain_City River_Mid.fbx using Guid(ece772c4c2e96a44ca2354be1968d1b5) Importer(815301076,1909f56bfc062723c751e8b465ee728b)  -> (artifact id: '69c6cdf5cec7ad111a44da8dce62f55b') in 0.023144 seconds 
========================================================================
Received Import Request.
  Time since last request: 0.000021 seconds.
  path: Assets/Environment/SimplePoly Farm.FBX/Models/Natures/Terrain/SPW_Terrain_Sand_Plan A_Out_mid.fbx
  artifactKey: Guid(0a7ecbeae680962438b99cee7265a04f) Importer(815301076,1909f56bfc062723c751e8b465ee728b)
Start importing Assets/Environment/SimplePoly Farm.FBX/Models/Natures/Terrain/SPW_Terrain_Sand_Plan A_Out_mid.fbx using Guid(0a7ecbeae680962438b99cee7265a04f) Importer(815301076,1909f56bfc062723c751e8b465ee728b)  -> (artifact id: '86c91f3883ce38d3915e52f0e1b3c706') in 0.022356 seconds 
========================================================================
Received Import Request.
  Time since last request: 0.000041 seconds.
  path: Assets/Environment/SimplePoly Farm.FBX/Models/Natures/Terrain/SPW_Terrain_Sand_Plan A_Out_Corner.fbx
  artifactKey: Guid(d5692877cfca69d469382416505e326a) Importer(815301076,1909f56bfc062723c751e8b465ee728b)
Start importing Assets/Environment/SimplePoly Farm.FBX/Models/Natures/Terrain/SPW_Terrain_Sand_Plan A_Out_Corner.fbx using Guid(d5692877cfca69d469382416505e326a) Importer(815301076,1909f56bfc062723c751e8b465ee728b)  -> (artifact id: '95ece1038722af8cc6ca1f4b590fdad3') in 0.017666 seconds 
========================================================================
Received Import Request.
  Time since last request: 0.196439 seconds.
  path: Assets/Environment/SimplePoly Farm.FBX/Models/Farm/Vehicle/SPW_Vehicle_Land_Tractor.fbx
  artifactKey: Guid(b264015bc9f7b1542b5b58b3a14df482) Importer(815301076,1909f56bfc062723c751e8b465ee728b)
Start importing Assets/Environment/SimplePoly Farm.FBX/Models/Farm/Vehicle/SPW_Vehicle_Land_Tractor.fbx using Guid(b264015bc9f7b1542b5b58b3a14df482) Importer(815301076,1909f56bfc062723c751e8b465ee728b)  -> (artifact id: '1fdb18b5c3423253bff018edee8131d3') in 0.061220 seconds 
========================================================================
Received Import Request.
  Time since last request: 0.068901 seconds.
  path: Assets/Environment/SimplePoly Farm.FBX/Textures/Farm/Materials/SPW_Vehicle_Land_Tractor_Trailer_Color03.mat
  artifactKey: Guid(ad32b46b3cc81d643a7cb0cc3ae62294) Importer(815301076,1909f56bfc062723c751e8b465ee728b)
Start importing Assets/Environment/SimplePoly Farm.FBX/Textures/Farm/Materials/SPW_Vehicle_Land_Tractor_Trailer_Color03.mat using Guid(ad32b46b3cc81d643a7cb0cc3ae62294) Importer(815301076,1909f56bfc062723c751e8b465ee728b)  -> (artifact id: 'dfbebb450027eac4b290a75af14a1015') in 0.013172 seconds 
========================================================================
Received Import Request.
  Time since last request: 0.000047 seconds.
  path: Assets/Prefabs/island/Materials/TreeOrangeMat.mat
  artifactKey: Guid(33535d2d31f89e846b6ec7c60219cb96) Importer(815301076,1909f56bfc062723c751e8b465ee728b)
Start importing Assets/Prefabs/island/Materials/TreeOrangeMat.mat using Guid(33535d2d31f89e846b6ec7c60219cb96) Importer(815301076,1909f56bfc062723c751e8b465ee728b)  -> (artifact id: '95662b953130670e21dc450ee3e03da2') in 0.008332 seconds 
========================================================================
Received Import Request.
  Time since last request: 0.000035 seconds.
  path: Assets/Prefabs/island/Materials/TreeGreen1Mat.mat
  artifactKey: Guid(cf7b2a2a4b5c2bb409c794db9d64ff3f) Importer(815301076,1909f56bfc062723c751e8b465ee728b)
Start importing Assets/Prefabs/island/Materials/TreeGreen1Mat.mat using Guid(cf7b2a2a4b5c2bb409c794db9d64ff3f) Importer(815301076,1909f56bfc062723c751e8b465ee728b)  -> (artifact id: 'e8b6463f653ee530193d55ee87e0c77a') in 0.009446 seconds 
========================================================================
Received Import Request.
  Time since last request: 0.473876 seconds.
  path: Assets/Prefabs/island/Materials/TreeYellowMat.mat
  artifactKey: Guid(1b3799f72f9aa654d9f7a3787feef4ee) Importer(815301076,1909f56bfc062723c751e8b465ee728b)
Start importing Assets/Prefabs/island/Materials/TreeYellowMat.mat using Guid(1b3799f72f9aa654d9f7a3787feef4ee) Importer(815301076,1909f56bfc062723c751e8b465ee728b)  -> (artifact id: 'b2d35a3ef5484a5489e1341321f692cd') in 0.013587 seconds 
========================================================================
Received Import Request.
  Time since last request: 0.000035 seconds.
  path: Assets/Prefabs/island/Materials/WaterMat.mat
  artifactKey: Guid(541d89427b42b4040b80b215bdd9a767) Importer(815301076,1909f56bfc062723c751e8b465ee728b)
Start importing Assets/Prefabs/island/Materials/WaterMat.mat using Guid(541d89427b42b4040b80b215bdd9a767) Importer(815301076,1909f56bfc062723c751e8b465ee728b)  -> (artifact id: '6570f27c2cac7b9c1a2641e34a10921c') in 0.015376 seconds 
========================================================================
Received Import Request.
  Time since last request: 0.000027 seconds.
  path: Assets/Prefabs/island/Materials/Wood1Mat.mat
  artifactKey: Guid(57f391477e46ecd44af6579114e37dfb) Importer(815301076,1909f56bfc062723c751e8b465ee728b)
Start importing Assets/Prefabs/island/Materials/Wood1Mat.mat using Guid(57f391477e46ecd44af6579114e37dfb) Importer(815301076,1909f56bfc062723c751e8b465ee728b)  -> (artifact id: '391317ac1d2d50838a833449814a954a') in 0.015254 seconds 
Editor requested this worker to shutdown with reason: Scaling down because of idle timeout
AssetImportWorker is now disconnected from the server
Process exiting
Exiting without the bug reporter. Application will terminate with return code 0