Using pre-set license
Built from 'HEAD' branch; Version is '2021.3.12f1c2 (ffeb050254a0) revision 16771845'; Using compiler version '192829333'; Build Type 'Release'
OS: 'Windows 11  (10.0.22000) 64bit Professional' Language: 'zh' Physical Memory: 16145 MB
BatchMode: 1, IsHumanControllingUs: 0, StartBugReporterOnCrash: 0, Is64bit: 1, IsPro: 1

COMMAND LINE ARGUMENTS:
C:\Program Files\Unity\Hub\Editor\2021.3.12f1c2\Editor\Unity.exe
-adb2
-batchMode
-noUpm
-name
AssetImportWorker6
-projectPath
D:/游戏设计/大作业/Final-Boss
-logFile
Logs/AssetImportWorker6.log
-srvPort
54232
Successfully changed project path to: D:/游戏设计/大作业/Final-Boss
D:/游戏设计/大作业/Final-Boss
[UnityMemory] Configuration Parameters - Can be set up in boot.config
    "memorysetup-bucket-allocator-granularity=16"
    "memorysetup-bucket-allocator-bucket-count=8"
    "memorysetup-bucket-allocator-block-size=33554432"
    "memorysetup-bucket-allocator-block-count=8"
    "memorysetup-main-allocator-block-size=16777216"
    "memorysetup-thread-allocator-block-size=16777216"
    "memorysetup-gfx-main-allocator-block-size=16777216"
    "memorysetup-gfx-thread-allocator-block-size=16777216"
    "memorysetup-cache-allocator-block-size=4194304"
    "memorysetup-typetree-allocator-block-size=2097152"
    "memorysetup-profiler-bucket-allocator-granularity=16"
    "memorysetup-profiler-bucket-allocator-bucket-count=8"
    "memorysetup-profiler-bucket-allocator-block-size=33554432"
    "memorysetup-profiler-bucket-allocator-block-count=8"
    "memorysetup-profiler-allocator-block-size=16777216"
    "memorysetup-profiler-editor-allocator-block-size=1048576"
    "memorysetup-temp-allocator-size-main=16777216"
    "memorysetup-job-temp-allocator-block-size=2097152"
    "memorysetup-job-temp-allocator-block-size-background=1048576"
    "memorysetup-job-temp-allocator-reduction-small-platforms=262144"
    "memorysetup-temp-allocator-size-background-worker=32768"
    "memorysetup-temp-allocator-size-job-worker=262144"
    "memorysetup-temp-allocator-size-preload-manager=33554432"
    "memorysetup-temp-allocator-size-nav-mesh-worker=65536"
    "memorysetup-temp-allocator-size-audio-worker=65536"
    "memorysetup-temp-allocator-size-cloud-worker=32768"
    "memorysetup-temp-allocator-size-gi-baking-worker=262144"
    "memorysetup-temp-allocator-size-gfx=262144"
AS: AutoStreaming module initializing.
Refreshing native plugins compatible for Editor in 132.40 ms, found 3 plugins.
Preloading 0 native plugins for Editor in 0.00 ms.
Initialize engine version: 2021.3.12f1c2 (ffeb050254a0)
[Subsystems] Discovering subsystems at path C:/Program Files/Unity/Hub/Editor/2021.3.12f1c2/Editor/Data/Resources/UnitySubsystems
[Subsystems] Discovering subsystems at path D:/游戏设计/大作业/Final-Boss/Assets
GfxDevice: creating device client; threaded=0; jobified=0
Direct3D:
    Version:  Direct3D 11.0 [level 11.1]
    Renderer: Intel(R) UHD Graphics (ID=0x9bc4)
    Vendor:   Intel
    VRAM:     8072 MB
    Driver:   27.20.100.9664
Initialize mono
Mono path[0] = 'C:/Program Files/Unity/Hub/Editor/2021.3.12f1c2/Editor/Data/Managed'
Mono path[1] = 'C:/Program Files/Unity/Hub/Editor/2021.3.12f1c2/Editor/Data/MonoBleedingEdge/lib/mono/unityjit-win32'
Mono config path = 'C:/Program Files/Unity/Hub/Editor/2021.3.12f1c2/Editor/Data/MonoBleedingEdge/etc'
Using monoOptions --debugger-agent=transport=dt_socket,embedding=1,server=y,suspend=n,address=127.0.0.1:56664
Begin MonoManager ReloadAssembly
Registering precompiled unity dll's ...
Register platform support module: C:/Program Files/Unity/Hub/Editor/2021.3.12f1c2/Editor/Data/PlaybackEngines/WindowsStandaloneSupport/UnityEditor.WindowsStandalone.Extensions.dll
Registered in 0.012458 seconds.
Native extension for WindowsStandalone target not found
Refreshing native plugins compatible for Editor in 149.27 ms, found 3 plugins.
Preloading 0 native plugins for Editor in 0.00 ms.
Mono: successfully reloaded assembly
- Completed reload, in  1.869 seconds
Domain Reload Profiling:
	ReloadAssembly (1871ms)
		BeginReloadAssembly (158ms)
			ExecutionOrderSort (0ms)
			DisableScriptedObjects (0ms)
			BackupInstance (0ms)
			ReleaseScriptingObjects (0ms)
			CreateAndSetChildDomain (1ms)
		EndReloadAssembly (1451ms)
			LoadAssemblies (150ms)
			RebuildTransferFunctionScriptingTraits (0ms)
			SetupTypeCache (193ms)
			ReleaseScriptCaches (0ms)
			RebuildScriptCaches (63ms)
			SetupLoadedEditorAssemblies (1080ms)
				LogAssemblyErrors (0ms)
				InitializePlatformSupportModulesInManaged (18ms)
				SetLoadedEditorAssemblies (1ms)
				RefreshPlugins (149ms)
				BeforeProcessingInitializeOnLoad (3ms)
				ProcessInitializeOnLoadAttributes (655ms)
				ProcessInitializeOnLoadMethodAttributes (253ms)
				AfterProcessingInitializeOnLoad (0ms)
				EditorAssembliesLoaded (0ms)
			ExecutionOrderSort2 (0ms)
			AwakeInstancesAfterBackupRestoration (0ms)
Platform modules already initialized, skipping
Registering precompiled user dll's ...
Registered in 0.044695 seconds.
Begin MonoManager ReloadAssembly
Symbol file LoadedFromMemory doesn't match image D:\游戏设计\大作业\Final-Boss\Library\PackageCache\com.unity.visualscripting@1.7.8\Editor\VisualScripting.Core\Dependencies\YamlDotNet\Unity.VisualScripting.YamlDotNet.dll
Symbol file LoadedFromMemory doesn't match image D:\游戏设计\大作业\Final-Boss\Library\PackageCache\com.unity.visualscripting@1.7.8\Editor\VisualScripting.Core\Dependencies\DotNetZip\Unity.VisualScripting.IonicZip.dll
Native extension for WindowsStandalone target not found
Refreshing native plugins compatible for Editor in 0.68 ms, found 3 plugins.
Preloading 0 native plugins for Editor in 0.00 ms.
Mono: successfully reloaded assembly
- Completed reload, in  1.942 seconds
Domain Reload Profiling:
	ReloadAssembly (1943ms)
		BeginReloadAssembly (212ms)
			ExecutionOrderSort (0ms)
			DisableScriptedObjects (9ms)
			BackupInstance (0ms)
			ReleaseScriptingObjects (0ms)
			CreateAndSetChildDomain (28ms)
		EndReloadAssembly (1490ms)
			LoadAssemblies (170ms)
			RebuildTransferFunctionScriptingTraits (0ms)
			SetupTypeCache (552ms)
			ReleaseScriptCaches (1ms)
			RebuildScriptCaches (96ms)
			SetupLoadedEditorAssemblies (621ms)
				LogAssemblyErrors (0ms)
				InitializePlatformSupportModulesInManaged (8ms)
				SetLoadedEditorAssemblies (1ms)
				RefreshPlugins (1ms)
				BeforeProcessingInitializeOnLoad (151ms)
				ProcessInitializeOnLoadAttributes (389ms)
				ProcessInitializeOnLoadMethodAttributes (48ms)
				AfterProcessingInitializeOnLoad (24ms)
				EditorAssembliesLoaded (0ms)
			ExecutionOrderSort2 (0ms)
			AwakeInstancesAfterBackupRestoration (18ms)
Platform modules already initialized, skipping
========================================================================
Worker process is ready to serve import requests
Shader 'SimpleURPToonLitExample(With Outline)': fallback shader 'Hidden/Universal Render Pipeline/FallbackError' not found
Shader 'SimpleURPToonLitExample(With Outline)': fallback shader 'Hidden/Universal Render Pipeline/FallbackError' not found
Launched and connected shader compiler UnityShaderCompiler.exe after 0.10 seconds
Refreshing native plugins compatible for Editor in 1.25 ms, found 3 plugins.
Preloading 0 native plugins for Editor in 0.00 ms.
Unloading 3392 Unused Serialized files (Serialized files now loaded: 0)
Unloading 30 unused Assets / (0.5 MB). Loaded Objects now: 3870.
Memory consumption went from 210.0 MB to 209.5 MB.
Total: 5.434000 ms (FindLiveObjects: 0.371700 ms CreateObjectMapping: 0.351400 ms MarkObjects: 4.378100 ms  DeleteObjects: 0.331300 ms)

AssetImportParameters requested are different than current active one (requested -> active):
  custom:video-decoder-ogg-theora: a1e56fd34408186e4bbccfd4996cb3dc -> 
  custom:container-muxer-webm: aa71ff27fc2769a1b78a27578f13a17b -> 
  custom:container-demuxer-webm: 4f35f7cbe854078d1ac9338744f61a02 -> 
  custom:video-encoder-webm-vp8: eb34c28f22e8b96e1ab97ce403110664 -> 
  custom:audio-encoder-webm-vorbis: bf7c407c2cedff20999df2af8eb42d56 -> 
  custom:framework-win-MediaFoundation: 216162199b28c13a410421893ffa2e32 -> 
  custom:container-demuxer-ogg: 62fdf1f143b41e24485cea50d1cbac27 -> 
  custom:video-decoder-webm-vp8: 9c59270c3fd7afecdb556c50c9e8de78 -> 
  custom:audio-decoder-ogg-vorbis: bf7c407c2cedff20999df2af8eb42d56 -> 
========================================================================
Received Import Request.
  Time since last request: 15473.990632 seconds.
  path: Assets/Wooden_UI/Wooden_UI_png/Plank_05.png
  artifactKey: Guid(a5d3c08cb38fdca478a8c9a6bc501a2c) Importer(815301076,1909f56bfc062723c751e8b465ee728b)
Start importing Assets/Wooden_UI/Wooden_UI_png/Plank_05.png using Guid(a5d3c08cb38fdca478a8c9a6bc501a2c) Importer(815301076,1909f56bfc062723c751e8b465ee728b)  -> (artifact id: 'e0cae7da8cb7e4fc3ac979e924244848') in 0.248126 seconds 
========================================================================
Received Import Request.
  Time since last request: 0.362696 seconds.
  path: Assets/Wooden_UI/Wooden_UI_png/obj_06_02.png
  artifactKey: Guid(99b65d22a09811647b68275c291bf19f) Importer(815301076,1909f56bfc062723c751e8b465ee728b)
Start importing Assets/Wooden_UI/Wooden_UI_png/obj_06_02.png using Guid(99b65d22a09811647b68275c291bf19f) Importer(815301076,1909f56bfc062723c751e8b465ee728b)  -> (artifact id: 'f11fd3c4898bb4d48fef6496d1188f42') in 0.023083 seconds 
========================================================================
Received Import Request.
  Time since last request: 16.533430 seconds.
  path: Assets/Wooden_UI/Wooden_UI_png/bg_01_01.png
  artifactKey: Guid(4d50a426daedff74ba42d34fe4d6730d) Importer(815301076,1909f56bfc062723c751e8b465ee728b)
Start importing Assets/Wooden_UI/Wooden_UI_png/bg_01_01.png using Guid(4d50a426daedff74ba42d34fe4d6730d) Importer(815301076,1909f56bfc062723c751e8b465ee728b)  -> (artifact id: '2bf388c7bc336bc0f606296581707a83') in 0.090029 seconds 
========================================================================
Received Import Request.
  Time since last request: 0.755774 seconds.
  path: Assets/Wooden_UI/Wooden_UI_png/book.png
  artifactKey: Guid(58ac4331c120c5740938347bd5ed3611) Importer(815301076,1909f56bfc062723c751e8b465ee728b)
Start importing Assets/Wooden_UI/Wooden_UI_png/book.png using Guid(58ac4331c120c5740938347bd5ed3611) Importer(815301076,1909f56bfc062723c751e8b465ee728b)  -> (artifact id: '37df45677204938749d1765541afebf6') in 0.318466 seconds 
========================================================================
Received Import Request.
  Time since last request: 1.589155 seconds.
  path: Assets/Wooden_UI/Wooden_UI_png/checkbox_bg.png
  artifactKey: Guid(3a55403f94f368b42ac608b403808598) Importer(815301076,1909f56bfc062723c751e8b465ee728b)
Start importing Assets/Wooden_UI/Wooden_UI_png/checkbox_bg.png using Guid(3a55403f94f368b42ac608b403808598) Importer(815301076,1909f56bfc062723c751e8b465ee728b)  -> (artifact id: 'd1c3e020d07354b37c6ac2b8f2ddd2ab') in 0.044851 seconds 
========================================================================
Received Import Request.
  Time since last request: 5.912523 seconds.
  path: Assets/Wooden_UI/Wooden_UI_png/frame_c2_01.png
  artifactKey: Guid(4a1bded4c7e025b479cf04d3eada76c2) Importer(815301076,1909f56bfc062723c751e8b465ee728b)
Start importing Assets/Wooden_UI/Wooden_UI_png/frame_c2_01.png using Guid(4a1bded4c7e025b479cf04d3eada76c2) Importer(815301076,1909f56bfc062723c751e8b465ee728b)  -> (artifact id: 'db43abe400b1c771f0c35fc23de2605a') in 0.024494 seconds 
========================================================================
Received Import Request.
  Time since last request: 0.000030 seconds.
  path: Assets/Wooden_UI/Wooden_UI_png/frame_c_01.png
  artifactKey: Guid(3bc785be1a57e734da4c10d1c4cbaa9c) Importer(815301076,1909f56bfc062723c751e8b465ee728b)
Start importing Assets/Wooden_UI/Wooden_UI_png/frame_c_01.png using Guid(3bc785be1a57e734da4c10d1c4cbaa9c) Importer(815301076,1909f56bfc062723c751e8b465ee728b)  -> (artifact id: 'b58e77a764e5e97c6532b4aa995f70d6') in 0.029575 seconds 
========================================================================
Received Import Request.
  Time since last request: 0.000029 seconds.
  path: Assets/Wooden_UI/Wooden_UI_png/frame_line.png
  artifactKey: Guid(775ddba0b622da6478ca62fa0fb2820a) Importer(815301076,1909f56bfc062723c751e8b465ee728b)
Start importing Assets/Wooden_UI/Wooden_UI_png/frame_line.png using Guid(775ddba0b622da6478ca62fa0fb2820a) Importer(815301076,1909f56bfc062723c751e8b465ee728b)  -> (artifact id: '9b661a7a37abf2a1923952c2f040703a') in 0.014412 seconds 
========================================================================
Received Import Request.
  Time since last request: 0.000065 seconds.
  path: Assets/Wooden_UI/Wooden_UI_png/frame_s_02.png
  artifactKey: Guid(7dd9b54c4c658a24a87348fdd85626dc) Importer(815301076,1909f56bfc062723c751e8b465ee728b)
Start importing Assets/Wooden_UI/Wooden_UI_png/frame_s_02.png using Guid(7dd9b54c4c658a24a87348fdd85626dc) Importer(815301076,1909f56bfc062723c751e8b465ee728b)  -> (artifact id: 'c79c086506ca5d752c8963712c879289') in 0.023065 seconds 
========================================================================
Received Import Request.
  Time since last request: 0.000030 seconds.
  path: Assets/Wooden_UI/Wooden_UI_png/frame_k_05.png
  artifactKey: Guid(8cc62d0730ed98a4db8e8f79f66edecf) Importer(815301076,1909f56bfc062723c751e8b465ee728b)
Start importing Assets/Wooden_UI/Wooden_UI_png/frame_k_05.png using Guid(8cc62d0730ed98a4db8e8f79f66edecf) Importer(815301076,1909f56bfc062723c751e8b465ee728b)  -> (artifact id: '8ef7724b82500528c4f1ef10082709b8') in 0.037689 seconds 
========================================================================
Received Import Request.
  Time since last request: 0.000039 seconds.
  path: Assets/Wooden_UI/Wooden_UI_png/frame_c3_01.png
  artifactKey: Guid(476fa7ac7fe0b27499751f2336ed8a05) Importer(815301076,1909f56bfc062723c751e8b465ee728b)
Start importing Assets/Wooden_UI/Wooden_UI_png/frame_c3_01.png using Guid(476fa7ac7fe0b27499751f2336ed8a05) Importer(815301076,1909f56bfc062723c751e8b465ee728b)  -> (artifact id: '1b36e615127adc1937e1dba7320e73b8') in 0.022188 seconds 
========================================================================
Received Import Request.
  Time since last request: 0.000032 seconds.
  path: Assets/Wooden_UI/Wooden_UI_png/frame_violet.png
  artifactKey: Guid(95187df84f56c4247a4cf20c453fc85c) Importer(815301076,1909f56bfc062723c751e8b465ee728b)
Start importing Assets/Wooden_UI/Wooden_UI_png/frame_violet.png using Guid(95187df84f56c4247a4cf20c453fc85c) Importer(815301076,1909f56bfc062723c751e8b465ee728b)  -> (artifact id: '069f91419343cfcf02b4c46735fc9e36') in 0.027737 seconds 
========================================================================
Received Import Request.
  Time since last request: 0.000039 seconds.
  path: Assets/Wooden_UI/Wooden_UI_png/frame_s_04.png
  artifactKey: Guid(219283841c50f684d8582cf6bb027850) Importer(815301076,1909f56bfc062723c751e8b465ee728b)
Start importing Assets/Wooden_UI/Wooden_UI_png/frame_s_04.png using Guid(219283841c50f684d8582cf6bb027850) Importer(815301076,1909f56bfc062723c751e8b465ee728b)  -> (artifact id: 'e20531c8a9b57882e97bd4d6848e04c3') in 0.027051 seconds 
========================================================================
Received Import Request.
  Time since last request: 0.000029 seconds.
  path: Assets/Wooden_UI/Wooden_UI_png/frame_k_03.png
  artifactKey: Guid(f225ce885b9c1d445aa1164506e85cf6) Importer(815301076,1909f56bfc062723c751e8b465ee728b)
Start importing Assets/Wooden_UI/Wooden_UI_png/frame_k_03.png using Guid(f225ce885b9c1d445aa1164506e85cf6) Importer(815301076,1909f56bfc062723c751e8b465ee728b)  -> (artifact id: '0b62770ab84f606b3c7f72dfac9be038') in 0.030528 seconds 
========================================================================
Received Import Request.
  Time since last request: 0.000050 seconds.
  path: Assets/Wooden_UI/Wooden_UI_png/logo_01.png
  artifactKey: Guid(97e8c2f487b3d2244929d96565fee5fd) Importer(815301076,1909f56bfc062723c751e8b465ee728b)
Start importing Assets/Wooden_UI/Wooden_UI_png/logo_01.png using Guid(97e8c2f487b3d2244929d96565fee5fd) Importer(815301076,1909f56bfc062723c751e8b465ee728b)  -> (artifact id: 'c9f84b4f1e6206d0346e61a926895d05') in 0.041889 seconds 
========================================================================
Received Import Request.
  Time since last request: 1.534101 seconds.
  path: Assets/Wooden_UI/Wooden_UI_png/logo_04.png
  artifactKey: Guid(f82344fe789b37545906ac6a10354216) Importer(815301076,1909f56bfc062723c751e8b465ee728b)
Start importing Assets/Wooden_UI/Wooden_UI_png/logo_04.png using Guid(f82344fe789b37545906ac6a10354216) Importer(815301076,1909f56bfc062723c751e8b465ee728b)  -> (artifact id: '72f733434e4a009bd9c25c24c7882710') in 0.081435 seconds 
========================================================================
Received Import Request.
  Time since last request: 0.000037 seconds.
  path: Assets/Wooden_UI/Wooden_UI_png/obj_02.png
  artifactKey: Guid(040ffae9e9db5784da5b6a740807d127) Importer(815301076,1909f56bfc062723c751e8b465ee728b)
Start importing Assets/Wooden_UI/Wooden_UI_png/obj_02.png using Guid(040ffae9e9db5784da5b6a740807d127) Importer(815301076,1909f56bfc062723c751e8b465ee728b)  -> (artifact id: 'bb90ca14c3cc5499b7020375d85e2e4d') in 0.018274 seconds 
========================================================================
Received Prepare
Registering precompiled user dll's ...
Registered in 0.012528 seconds.
Begin MonoManager ReloadAssembly
Symbol file LoadedFromMemory doesn't match image D:\游戏设计\大作业\Final-Boss\Library\PackageCache\com.unity.visualscripting@1.7.8\Editor\VisualScripting.Core\Dependencies\YamlDotNet\Unity.VisualScripting.YamlDotNet.dll
Symbol file LoadedFromMemory doesn't match image D:\游戏设计\大作业\Final-Boss\Library\PackageCache\com.unity.visualscripting@1.7.8\Editor\VisualScripting.Core\Dependencies\DotNetZip\Unity.VisualScripting.IonicZip.dll
Native extension for WindowsStandalone target not found
Refreshing native plugins compatible for Editor in 0.78 ms, found 3 plugins.
Preloading 0 native plugins for Editor in 0.00 ms.
Mono: successfully reloaded assembly
- Completed reload, in  1.825 seconds
Domain Reload Profiling:
	ReloadAssembly (1826ms)
		BeginReloadAssembly (237ms)
			ExecutionOrderSort (0ms)
			DisableScriptedObjects (11ms)
			BackupInstance (0ms)
			ReleaseScriptingObjects (0ms)
			CreateAndSetChildDomain (65ms)
		EndReloadAssembly (1417ms)
			LoadAssemblies (135ms)
			RebuildTransferFunctionScriptingTraits (0ms)
			SetupTypeCache (432ms)
			ReleaseScriptCaches (1ms)
			RebuildScriptCaches (70ms)
			SetupLoadedEditorAssemblies (661ms)
				LogAssemblyErrors (0ms)
				InitializePlatformSupportModulesInManaged (20ms)
				SetLoadedEditorAssemblies (1ms)
				RefreshPlugins (1ms)
				BeforeProcessingInitializeOnLoad (123ms)
				ProcessInitializeOnLoadAttributes (413ms)
				ProcessInitializeOnLoadMethodAttributes (70ms)
				AfterProcessingInitializeOnLoad (32ms)
				EditorAssembliesLoaded (1ms)
			ExecutionOrderSort2 (0ms)
			AwakeInstancesAfterBackupRestoration (24ms)
Platform modules already initialized, skipping
Shader 'SimpleURPToonLitExample(With Outline)': fallback shader 'Hidden/Universal Render Pipeline/FallbackError' not found
Shader 'SimpleURPToonLitExample(With Outline)': fallback shader 'Hidden/Universal Render Pipeline/FallbackError' not found
Refreshing native plugins compatible for Editor in 6.54 ms, found 3 plugins.
Preloading 0 native plugins for Editor in 0.00 ms.
Unloading 3374 Unused Serialized files (Serialized files now loaded: 0)
Unloading 23 unused Assets / (0.5 MB). Loaded Objects now: 3921.
Memory consumption went from 213.1 MB to 212.6 MB.
Total: 7.641600 ms (FindLiveObjects: 0.311300 ms CreateObjectMapping: 0.426700 ms MarkObjects: 6.049000 ms  DeleteObjects: 0.852600 ms)

AssetImportParameters requested are different than current active one (requested -> active):
  custom:video-decoder-ogg-theora: a1e56fd34408186e4bbccfd4996cb3dc -> 
  custom:container-muxer-webm: aa71ff27fc2769a1b78a27578f13a17b -> 
  custom:container-demuxer-webm: 4f35f7cbe854078d1ac9338744f61a02 -> 
  custom:video-encoder-webm-vp8: eb34c28f22e8b96e1ab97ce403110664 -> 
  custom:audio-encoder-webm-vorbis: bf7c407c2cedff20999df2af8eb42d56 -> 
  custom:framework-win-MediaFoundation: 216162199b28c13a410421893ffa2e32 -> 
  custom:container-demuxer-ogg: 62fdf1f143b41e24485cea50d1cbac27 -> 
  custom:video-decoder-webm-vp8: 9c59270c3fd7afecdb556c50c9e8de78 -> 
  custom:audio-decoder-ogg-vorbis: bf7c407c2cedff20999df2af8eb42d56 -> 
Editor requested this worker to shutdown with reason: Scaling down because of idle timeout
AssetImportWorker is now disconnected from the server
Process exiting
Exiting without the bug reporter. Application will terminate with return code 0